<?xml version="1.0" encoding="UTF-8"?>
<TestRun id="f88fdf26-e42a-407f-a5d7-d72aaa0717f6" name="andre@ANDRE-PC 2012-04-15 22:27:29" runUser="andre-PC\andre" xmlns="http://microsoft.com/schemas/VisualStudio/TeamTest/2010">
  <TestSettings name="Local" id="ef9f2aab-2efc-4d6e-a3fa-346b6afda278">
    <Description>These are default test settings for a local test run.</Description>
    <Deployment userDeploymentRoot="D:\Projetos\Azure\Cerebello\TestResults" useDefaultDeploymentRoot="false" enabled="false" runDeploymentRoot="andre_ANDRE-PC 2012-04-15 22_27_29">
      <DeploymentItem filename="D:\Projetos\Azure\Cerebello\ThirdParty\Bin\Moq.4.0.10827\Moq.dll" />
      <DeploymentItem filename="C:\Program Files\Windows Azure SDK\v1.6\ref\Microsoft.WindowsAzure.Diagnostics.dll" />
      <DeploymentItem filename="D:\Projetos\ThirdParty\Bin\HtmlAgilityPack\HtmlAgilityPack.dll" />
      <DeploymentItem filename="C:\Program Files (x86)\Microsoft ASP.NET\ASP.NET Web Pages\v1.0\Assemblies\System.Web.WebPages.Deployment.dll" />
      <DeploymentItem filename="C:\Program Files (x86)\Microsoft ASP.NET\ASP.NET MVC 3\Assemblies\System.Web.Mvc.dll" />
      <DeploymentItem filename="C:\Program Files (x86)\Microsoft ASP.NET\ASP.NET Web Pages\v1.0\Assemblies\System.Web.Helpers.dll" />
      <DeploymentItem filename="D:\Projetos\Library\CommonLib\bin\Debug\CommonLib.dll" />
      <DeploymentItem filename="C:\Program Files (x86)\Microsoft ASP.NET\ASP.NET Web Pages\v1.0\Assemblies\System.Web.WebPages.dll" />
      <DeploymentItem filename="D:\Projetos\ThirdParty\Bin\iTextShap\itextsharp-dll-xtra-5.1.3\itextsharp.xtra.dll" />
      <DeploymentItem filename="D:\Projetos\ThirdParty\Bin\CipherLite\CipherLite.dll" />
      <DeploymentItem filename="D:\Projetos\Azure\Cerebello\Cerebello.Model\bin\Debug\Cerebello.Model.dll" />
      <DeploymentItem filename="C:\Program Files\Windows Azure SDK\v1.6\ref\Microsoft.WindowsAzure.StorageClient.dll" />
      <DeploymentItem filename="D:\Projetos\Azure\Cerebello\packages\System.Web.Providers.1.0.1\lib\Net40\System.Web.Providers.dll" />
      <DeploymentItem filename="C:\Program Files (x86)\Microsoft ASP.NET\ASP.NET Web Pages\v1.0\Assemblies\Microsoft.Web.Infrastructure.dll" />
      <DeploymentItem filename="D:\Projetos\ThirdParty\Bin\iTextShap\itextsharp-dll-core-5.1.3\itextsharp.dll" />
      <DeploymentItem filename="D:\Projetos\Azure\Cerebello\CerebelloWebRole\bin\CerebelloWebRole.dll" />
      <DeploymentItem filename="D:\Projetos\Azure\Cerebello\Cerebello.Firestarter\bin\Debug\Cerebello.Firestarter.exe" />
      <DeploymentItem filename="C:\Program Files (x86)\Microsoft ASP.NET\ASP.NET Web Pages\v1.0\Assemblies\System.Web.WebPages.Razor.dll" />
      <DeploymentItem filename="C:\Program Files (x86)\Microsoft ASP.NET\ASP.NET Web Pages\v1.0\Assemblies\System.Web.Razor.dll" />
    </Deployment>
    <Execution>
      <TestTypeSpecific />
      <AgentRule name="Execution Agents">
      </AgentRule>
    </Execution>
  </TestSettings>
  <Times creation="2012-04-15T22:27:29.0342978-03:00" queuing="2012-04-15T22:27:29.1023017-03:00" start="2012-04-15T22:27:29.1113022-03:00" finish="2012-04-15T22:27:52.5505655-03:00" />
  <ResultSummary outcome="Error">
    <Counters total="2" executed="2" passed="1" error="0" failed="1" timeout="0" aborted="0" inconclusive="0" passedButRunAborted="0" notRunnable="0" notExecuted="0" disconnected="0" warning="0" completed="0" inProgress="0" pending="0" />
    <RunInfos>
      <RunInfo computerName="ANDRE-PC" outcome="Error" timestamp="2012-04-15T22:27:52.5349654-03:00">
        <Text>Class Cleanup method AnamnesesControllerTests.ClassCleanup failed. Error Message: System.Data.SqlClient.SqlException: Cannot detach the database 'CerebelloTEST' because it is currently in use.. Stack Trace:     at System.Data.SqlClient.SqlConnection.OnError(SqlException exception, Boolean breakConnection)
   at System.Data.SqlClient.SqlInternalConnection.OnError(SqlException exception, Boolean breakConnection)
   at System.Data.SqlClient.TdsParser.ThrowExceptionAndWarning()
   at System.Data.SqlClient.TdsParser.Run(RunBehavior runBehavior, SqlCommand cmdHandler, SqlDataReader dataStream, BulkCopySimpleResultSet bulkCopyHandler, TdsParserStateObject stateObj)
   at System.Data.SqlClient.SqlCommand.RunExecuteNonQueryTds(String methodName, Boolean async)
   at System.Data.SqlClient.SqlCommand.InternalExecuteNonQuery(DbAsyncResult result, String methodName, Boolean sendToPipe)
   at System.Data.SqlClient.SqlCommand.ExecuteNonQuery()
   at CerebelloWebRole.Tests.DatabaseHelper.DetachCerebelloTestDatabase() in D:\Projetos\Azure\Cerebello\CerebelloWebRole.Tests\DatabaseHelper.cs:line 86
   at CerebelloWebRole.Tests.AnamnesesControllerTests.ClassCleanup() in D:\Projetos\Azure\Cerebello\CerebelloWebRole.Tests\Tests\AnamnesesControllerTests.cs:line 31
</Text>
      </RunInfo>
    </RunInfos>
  </ResultSummary>
  <TestDefinitions>
    <UnitTest name="Delete_2_ShouldReturnProperResultWhenNotExisting" storage="d:\projetos\azure\cerebello\cerebellowebrole.tests\bin\debug\cerebellowebrole.tests.dll" id="22c0653d-06de-02b2-ff5a-5a058eaff4b2">
      <Execution id="7d4a5858-26f1-470a-826c-b5c991eaf22e" />
      <TestMethod codeBase="D:/Projetos/Azure/Cerebello/CerebelloWebRole.Tests/bin/Debug/CerebelloWebRole.Tests.DLL" adapterTypeName="Microsoft.VisualStudio.TestTools.TestTypes.Unit.UnitTestAdapter, Microsoft.VisualStudio.QualityTools.Tips.UnitTest.Adapter, Version=10.0.0.0, Culture=neutral, PublicKeyToken=b03f5f7f11d50a3a" className="CerebelloWebRole.Tests.AnamnesesControllerTests, CerebelloWebRole.Tests, Version=1.0.0.0, Culture=neutral, PublicKeyToken=null" name="Delete_2_ShouldReturnProperResultWhenNotExisting" />
    </UnitTest>
    <UnitTest name="Delete_1_HappyPath" storage="d:\projetos\azure\cerebello\cerebellowebrole.tests\bin\debug\cerebellowebrole.tests.dll" id="c2ec3d3f-37b6-59b7-2b75-e5c4d9997483">
      <Execution id="f3b9be21-e027-4a5c-b41f-943c727d11b2" />
      <TestMethod codeBase="D:/Projetos/Azure/Cerebello/CerebelloWebRole.Tests/bin/Debug/CerebelloWebRole.Tests.DLL" adapterTypeName="Microsoft.VisualStudio.TestTools.TestTypes.Unit.UnitTestAdapter, Microsoft.VisualStudio.QualityTools.Tips.UnitTest.Adapter, Version=10.0.0.0, Culture=neutral, PublicKeyToken=b03f5f7f11d50a3a" className="CerebelloWebRole.Tests.AnamnesesControllerTests, CerebelloWebRole.Tests, Version=1.0.0.0, Culture=neutral, PublicKeyToken=null" name="Delete_1_HappyPath" />
    </UnitTest>
  </TestDefinitions>
  <TestLists>
    <TestList name="Results Not in a List" id="8c84fa94-04c1-424b-9868-57a2d4851a1d" />
    <TestList name="All Loaded Results" id="19431567-8539-422a-85d7-44ee4e166bda" />
  </TestLists>
  <TestEntries>
    <TestEntry testId="22c0653d-06de-02b2-ff5a-5a058eaff4b2" executionId="7d4a5858-26f1-470a-826c-b5c991eaf22e" testListId="8c84fa94-04c1-424b-9868-57a2d4851a1d" />
    <TestEntry testId="c2ec3d3f-37b6-59b7-2b75-e5c4d9997483" executionId="f3b9be21-e027-4a5c-b41f-943c727d11b2" testListId="8c84fa94-04c1-424b-9868-57a2d4851a1d" />
  </TestEntries>
  <Results>
    <UnitTestResult executionId="7d4a5858-26f1-470a-826c-b5c991eaf22e" testId="22c0653d-06de-02b2-ff5a-5a058eaff4b2" testName="Delete_2_ShouldReturnProperResultWhenNotExisting" computerName="ANDRE-PC" duration="00:00:02.1130644" startTime="2012-04-15T22:27:29.1263031-03:00" endTime="2012-04-15T22:27:31.5375139-03:00" testType="13cdc9d9-ddb5-4fa4-a97d-d965ccfc6d4b" outcome="Passed" testListId="8c84fa94-04c1-424b-9868-57a2d4851a1d" relativeResultsDirectory="7d4a5858-26f1-470a-826c-b5c991eaf22e">
    </UnitTestResult>
    <UnitTestResult executionId="f3b9be21-e027-4a5c-b41f-943c727d11b2" testId="c2ec3d3f-37b6-59b7-2b75-e5c4d9997483" testName="Delete_1_HappyPath" computerName="ANDRE-PC" duration="00:00:00.9598386" startTime="2012-04-15T22:27:31.5375139-03:00" endTime="2012-04-15T22:27:32.5047156-03:00" testType="13cdc9d9-ddb5-4fa4-a97d-d965ccfc6d4b" outcome="Failed" testListId="8c84fa94-04c1-424b-9868-57a2d4851a1d" relativeResultsDirectory="f3b9be21-e027-4a5c-b41f-943c727d11b2">
      <Output>
        <ErrorInfo>
          <Message>Assert.AreEqual failed. Expected:&lt;True&gt;. Actual:&lt;False&gt;. </Message>
          <StackTrace>   at CerebelloWebRole.Tests.AnamnesesControllerTests.Delete_1_HappyPath() in D:\Projetos\Azure\Cerebello\CerebelloWebRole.Tests\Tests\AnamnesesControllerTests.cs:line 156
</StackTrace>
        </ErrorInfo>
      </Output>
    </UnitTestResult>
  </Results>
</TestRun>