<?xml version="1.0" encoding="UTF-8"?>
<TestRun id="d591039f-b624-41af-819e-6b61f5a89bc5" name="andre@ANDRE-PC 2012-04-19 06:35:31" runUser="andre-PC\andre" xmlns="http://microsoft.com/schemas/VisualStudio/TeamTest/2010">
  <TestSettings name="Local" id="ef9f2aab-2efc-4d6e-a3fa-346b6afda278">
    <Description>These are default test settings for a local test run.</Description>
    <Deployment userDeploymentRoot="D:\Projetos\Azure\Cerebello\TestResults" useDefaultDeploymentRoot="false" enabled="false" runDeploymentRoot="andre_ANDRE-PC 2012-04-19 06_35_31">
      <DeploymentItem filename="D:\Projetos\Azure\Cerebello\ThirdParty\Bin\Moq.4.0.10827\Moq.dll" />
      <DeploymentItem filename="C:\Program Files\Windows Azure SDK\v1.6\ref\Microsoft.WindowsAzure.Diagnostics.dll" />
      <DeploymentItem filename="D:\Projetos\ThirdParty\Bin\HtmlAgilityPack\HtmlAgilityPack.dll" />
      <DeploymentItem filename="C:\Program Files (x86)\Microsoft ASP.NET\ASP.NET Web Pages\v1.0\Assemblies\System.Web.WebPages.Deployment.dll" />
      <DeploymentItem filename="C:\Program Files (x86)\Microsoft ASP.NET\ASP.NET MVC 3\Assemblies\System.Web.Mvc.dll" />
      <DeploymentItem filename="D:\Projetos\Azure\Cerebello\Cerebello.Model\bin\Debug\Cerebello.Model.dll" />
      <DeploymentItem filename="C:\Program Files (x86)\Microsoft ASP.NET\ASP.NET Web Pages\v1.0\Assemblies\System.Web.Helpers.dll" />
      <DeploymentItem filename="C:\Program Files (x86)\Microsoft ASP.NET\ASP.NET Web Pages\v1.0\Assemblies\System.Web.WebPages.dll" />
      <DeploymentItem filename="D:\Projetos\ThirdParty\Bin\CipherLite\CipherLite.dll" />
      <DeploymentItem filename="D:\Projetos\ThirdParty\Bin\iTextShap\itextsharp-dll-core-5.1.3\itextsharp.dll" />
      <DeploymentItem filename="C:\Program Files\Windows Azure SDK\v1.6\ref\Microsoft.WindowsAzure.StorageClient.dll" />
      <DeploymentItem filename="D:\Projetos\Azure\Cerebello\packages\System.Web.Providers.1.0.1\lib\Net40\System.Web.Providers.dll" />
      <DeploymentItem filename="C:\Program Files (x86)\Microsoft ASP.NET\ASP.NET Web Pages\v1.0\Assemblies\Microsoft.Web.Infrastructure.dll" />
      <DeploymentItem filename="D:\Projetos\ThirdParty\Bin\iTextShap\itextsharp-dll-xtra-5.1.3\itextsharp.xtra.dll" />
      <DeploymentItem filename="D:\Projetos\Azure\Cerebello\CerebelloWebRole\bin\CerebelloWebRole.dll" />
      <DeploymentItem filename="D:\Projetos\Azure\Cerebello\Cerebello.Firestarter\bin\Debug\Cerebello.Firestarter.exe" />
      <DeploymentItem filename="C:\Program Files (x86)\Microsoft ASP.NET\ASP.NET Web Pages\v1.0\Assemblies\System.Web.WebPages.Razor.dll" />
      <DeploymentItem filename="C:\Program Files (x86)\Microsoft ASP.NET\ASP.NET Web Pages\v1.0\Assemblies\System.Web.Razor.dll" />
    </Deployment>
    <Execution>
      <TestTypeSpecific />
      <AgentRule name="Execution Agents">
      </AgentRule>
    </Execution>
  </TestSettings>
  <Times creation="2012-04-19T06:35:31.6636530-03:00" queuing="2012-04-19T06:35:38.0990210-03:00" start="2012-04-19T06:35:38.3600360-03:00" finish="2012-04-19T06:36:04.9685579-03:00" />
  <ResultSummary outcome="Completed">
    <Counters total="1" executed="1" passed="1" error="0" failed="0" timeout="0" aborted="0" inconclusive="0" passedButRunAborted="0" notRunnable="0" notExecuted="0" disconnected="0" warning="0" completed="0" inProgress="0" pending="0" />
  </ResultSummary>
  <TestDefinitions>
    <UnitTest name="MedicalCertificateFieldsEditor_1_NoModelIdSupplied" storage="d:\projetos\azure\cerebello\cerebellowebrole.tests\bin\debug\cerebellowebrole.tests.dll" id="fea95c11-5dc6-2196-ba8b-a7f730f98465">
      <Execution id="5d1c245b-de12-4132-ab02-beb354ee9b9e" />
      <TestMethod codeBase="D:/Projetos/Azure/Cerebello/CerebelloWebRole.Tests/bin/Debug/CerebelloWebRole.Tests.DLL" adapterTypeName="Microsoft.VisualStudio.TestTools.TestTypes.Unit.UnitTestAdapter, Microsoft.VisualStudio.QualityTools.Tips.UnitTest.Adapter, Version=10.0.0.0, Culture=neutral, PublicKeyToken=b03f5f7f11d50a3a" className="CerebelloWebRole.Tests.MedicalCertificatesControllerTests, CerebelloWebRole.Tests, Version=1.0.0.0, Culture=neutral, PublicKeyToken=null" name="MedicalCertificateFieldsEditor_1_NoModelIdSupplied" />
    </UnitTest>
  </TestDefinitions>
  <TestLists>
    <TestList name="Results Not in a List" id="8c84fa94-04c1-424b-9868-57a2d4851a1d" />
    <TestList name="All Loaded Results" id="19431567-8539-422a-85d7-44ee4e166bda" />
  </TestLists>
  <TestEntries>
    <TestEntry testId="fea95c11-5dc6-2196-ba8b-a7f730f98465" executionId="5d1c245b-de12-4132-ab02-beb354ee9b9e" testListId="8c84fa94-04c1-424b-9868-57a2d4851a1d" />
  </TestEntries>
  <Results>
    <UnitTestResult executionId="5d1c245b-de12-4132-ab02-beb354ee9b9e" testId="fea95c11-5dc6-2196-ba8b-a7f730f98465" testName="MedicalCertificateFieldsEditor_1_NoModelIdSupplied" computerName="ANDRE-PC" duration="00:00:20.7927913" startTime="2012-04-19T06:35:38.5590473-03:00" endTime="2012-04-19T06:36:02.6714265-03:00" testType="13cdc9d9-ddb5-4fa4-a97d-d965ccfc6d4b" outcome="Passed" testListId="8c84fa94-04c1-424b-9868-57a2d4851a1d" relativeResultsDirectory="5d1c245b-de12-4132-ab02-beb354ee9b9e">
    </UnitTestResult>
  </Results>
</TestRun>