<?xml version="1.0" encoding="UTF-8"?>
<TestRun id="c9300754-9ae4-471f-ad0f-32b561fc9f07" name="andre@ANDRE-PC 2012-04-19 07:12:15" runUser="andre-PC\andre" xmlns="http://microsoft.com/schemas/VisualStudio/TeamTest/2010">
  <TestSettings name="Local" id="ef9f2aab-2efc-4d6e-a3fa-346b6afda278">
    <Description>These are default test settings for a local test run.</Description>
    <Deployment enabled="false" runDeploymentRoot="andre_ANDRE-PC 2012-04-19 07_12_15">
      <DeploymentItem filename="D:\Projetos\Azure\Cerebello\ThirdParty\Bin\Moq.4.0.10827\Moq.dll" />
      <DeploymentItem filename="C:\Program Files\Windows Azure SDK\v1.6\ref\Microsoft.WindowsAzure.Diagnostics.dll" />
      <DeploymentItem filename="D:\Projetos\ThirdParty\Bin\HtmlAgilityPack\HtmlAgilityPack.dll" />
      <DeploymentItem filename="C:\Program Files (x86)\Microsoft ASP.NET\ASP.NET Web Pages\v1.0\Assemblies\System.Web.WebPages.Deployment.dll" />
      <DeploymentItem filename="C:\Program Files (x86)\Microsoft ASP.NET\ASP.NET MVC 3\Assemblies\System.Web.Mvc.dll" />
      <DeploymentItem filename="D:\Projetos\ThirdParty\Bin\iTextShap\itextsharp-dll-core-5.1.3\itextsharp.dll" />
      <DeploymentItem filename="C:\Program Files (x86)\Microsoft ASP.NET\ASP.NET Web Pages\v1.0\Assemblies\System.Web.Helpers.dll" />
      <DeploymentItem filename="C:\Program Files (x86)\Microsoft ASP.NET\ASP.NET Web Pages\v1.0\Assemblies\System.Web.WebPages.dll" />
      <DeploymentItem filename="C:\Program Files\Windows Azure SDK\v1.6\ref\Microsoft.WindowsAzure.StorageClient.dll" />
      <DeploymentItem filename="D:\Projetos\ThirdParty\Bin\CipherLite\CipherLite.dll" />
      <DeploymentItem filename="D:\Projetos\Azure\Cerebello\Cerebello.Model\bin\Debug\Cerebello.Model.dll" />
      <DeploymentItem filename="C:\Program Files (x86)\Microsoft ASP.NET\ASP.NET Web Pages\v1.0\Assemblies\Microsoft.Web.Infrastructure.dll" />
      <DeploymentItem filename="D:\Projetos\Azure\Cerebello\packages\System.Web.Providers.1.0.1\lib\Net40\System.Web.Providers.dll" />
      <DeploymentItem filename="D:\Projetos\ThirdParty\Bin\iTextShap\itextsharp-dll-xtra-5.1.3\itextsharp.xtra.dll" />
      <DeploymentItem filename="D:\Projetos\Azure\Cerebello\CerebelloWebRole\bin\CerebelloWebRole.dll" />
      <DeploymentItem filename="D:\Projetos\Azure\Cerebello\Cerebello.Firestarter\bin\Debug\Cerebello.Firestarter.exe" />
      <DeploymentItem filename="C:\Program Files (x86)\Microsoft ASP.NET\ASP.NET Web Pages\v1.0\Assemblies\System.Web.WebPages.Razor.dll" />
      <DeploymentItem filename="C:\Program Files (x86)\Microsoft ASP.NET\ASP.NET Web Pages\v1.0\Assemblies\System.Web.Razor.dll" />
    </Deployment>
    <Execution>
      <TestTypeSpecific />
      <AgentRule name="Execution Agents">
      </AgentRule>
    </Execution>
  </TestSettings>
  <Times creation="2012-04-19T07:12:15.1116830-03:00" queuing="2012-04-19T07:12:15.2196892-03:00" start="2012-04-19T07:12:15.2416904-03:00" finish="2012-04-19T07:12:18.5208780-03:00" />
  <ResultSummary outcome="Completed">
    <Counters total="1" executed="1" passed="1" error="0" failed="0" timeout="0" aborted="0" inconclusive="0" passedButRunAborted="0" notRunnable="0" notExecuted="0" disconnected="0" warning="0" completed="0" inProgress="0" pending="0" />
  </ResultSummary>
  <TestDefinitions>
    <UnitTest name="MedicalCertificateFieldsEditor_4_BothParametersAreSuppliedAndTheyDontMatch" storage="d:\projetos\azure\cerebello\cerebellowebrole.tests\bin\debug\cerebellowebrole.tests.dll" id="ce3dcb20-c584-ad56-4a12-452ec79c0f18">
      <Execution id="c7f68fd1-ca5e-4d1f-9404-e921dfe3aa7f" />
      <TestMethod codeBase="D:/Projetos/Azure/Cerebello/CerebelloWebRole.Tests/bin/Debug/CerebelloWebRole.Tests.DLL" adapterTypeName="Microsoft.VisualStudio.TestTools.TestTypes.Unit.UnitTestAdapter, Microsoft.VisualStudio.QualityTools.Tips.UnitTest.Adapter, Version=10.0.0.0, Culture=neutral, PublicKeyToken=b03f5f7f11d50a3a" className="CerebelloWebRole.Tests.MedicalCertificatesControllerTests, CerebelloWebRole.Tests, Version=1.0.0.0, Culture=neutral, PublicKeyToken=null" name="MedicalCertificateFieldsEditor_4_BothParametersAreSuppliedAndTheyDontMatch" />
    </UnitTest>
  </TestDefinitions>
  <TestLists>
    <TestList name="Results Not in a List" id="8c84fa94-04c1-424b-9868-57a2d4851a1d" />
    <TestList name="All Loaded Results" id="19431567-8539-422a-85d7-44ee4e166bda" />
  </TestLists>
  <TestEntries>
    <TestEntry testId="ce3dcb20-c584-ad56-4a12-452ec79c0f18" executionId="c7f68fd1-ca5e-4d1f-9404-e921dfe3aa7f" testListId="8c84fa94-04c1-424b-9868-57a2d4851a1d" />
  </TestEntries>
  <Results>
    <UnitTestResult executionId="c7f68fd1-ca5e-4d1f-9404-e921dfe3aa7f" testId="ce3dcb20-c584-ad56-4a12-452ec79c0f18" testName="MedicalCertificateFieldsEditor_4_BothParametersAreSuppliedAndTheyDontMatch" computerName="ANDRE-PC" duration="00:00:02.4433132" startTime="2012-04-19T07:12:15.2686920-03:00" endTime="2012-04-19T07:12:18.1898590-03:00" testType="13cdc9d9-ddb5-4fa4-a97d-d965ccfc6d4b" outcome="Passed" testListId="8c84fa94-04c1-424b-9868-57a2d4851a1d" relativeResultsDirectory="c7f68fd1-ca5e-4d1f-9404-e921dfe3aa7f">
    </UnitTestResult>
  </Results>
</TestRun>