<?xml version="1.0" encoding="UTF-8"?>
<TestRun id="4e9be952-6c44-4e5b-81a9-3c9ceb95128e" name="andre@ANDRE-PC 2012-04-19 07:15:18" runUser="andre-PC\andre" xmlns="http://microsoft.com/schemas/VisualStudio/TeamTest/2010">
  <TestSettings name="Local" id="ef9f2aab-2efc-4d6e-a3fa-346b6afda278">
    <Description>These are default test settings for a local test run.</Description>
    <Deployment enabled="false" runDeploymentRoot="andre_ANDRE-PC 2012-04-19 07_15_18">
      <DeploymentItem filename="D:\Projetos\Azure\Cerebello\ThirdParty\Bin\Moq.4.0.10827\Moq.dll" />
      <DeploymentItem filename="C:\Program Files\Windows Azure SDK\v1.6\ref\Microsoft.WindowsAzure.Diagnostics.dll" />
      <DeploymentItem filename="D:\Projetos\ThirdParty\Bin\HtmlAgilityPack\HtmlAgilityPack.dll" />
      <DeploymentItem filename="C:\Program Files (x86)\Microsoft ASP.NET\ASP.NET Web Pages\v1.0\Assemblies\System.Web.WebPages.Deployment.dll" />
      <DeploymentItem filename="C:\Program Files (x86)\Microsoft ASP.NET\ASP.NET MVC 3\Assemblies\System.Web.Mvc.dll" />
      <DeploymentItem filename="D:\Projetos\ThirdParty\Bin\iTextShap\itextsharp-dll-core-5.1.3\itextsharp.dll" />
      <DeploymentItem filename="C:\Program Files (x86)\Microsoft ASP.NET\ASP.NET Web Pages\v1.0\Assemblies\System.Web.Helpers.dll" />
      <DeploymentItem filename="C:\Program Files (x86)\Microsoft ASP.NET\ASP.NET Web Pages\v1.0\Assemblies\System.Web.WebPages.dll" />
      <DeploymentItem filename="C:\Program Files\Windows Azure SDK\v1.6\ref\Microsoft.WindowsAzure.StorageClient.dll" />
      <DeploymentItem filename="D:\Projetos\ThirdParty\Bin\CipherLite\CipherLite.dll" />
      <DeploymentItem filename="D:\Projetos\Azure\Cerebello\Cerebello.Model\bin\Debug\Cerebello.Model.dll" />
      <DeploymentItem filename="C:\Program Files (x86)\Microsoft ASP.NET\ASP.NET Web Pages\v1.0\Assemblies\Microsoft.Web.Infrastructure.dll" />
      <DeploymentItem filename="D:\Projetos\Azure\Cerebello\packages\System.Web.Providers.1.0.1\lib\Net40\System.Web.Providers.dll" />
      <DeploymentItem filename="D:\Projetos\ThirdParty\Bin\iTextShap\itextsharp-dll-xtra-5.1.3\itextsharp.xtra.dll" />
      <DeploymentItem filename="D:\Projetos\Azure\Cerebello\CerebelloWebRole\bin\CerebelloWebRole.dll" />
      <DeploymentItem filename="D:\Projetos\Azure\Cerebello\Cerebello.Firestarter\bin\Debug\Cerebello.Firestarter.exe" />
      <DeploymentItem filename="C:\Program Files (x86)\Microsoft ASP.NET\ASP.NET Web Pages\v1.0\Assemblies\System.Web.WebPages.Razor.dll" />
      <DeploymentItem filename="C:\Program Files (x86)\Microsoft ASP.NET\ASP.NET Web Pages\v1.0\Assemblies\System.Web.Razor.dll" />
    </Deployment>
    <Execution>
      <TestTypeSpecific />
      <AgentRule name="Execution Agents">
      </AgentRule>
    </Execution>
  </TestSettings>
  <Times creation="2012-04-19T07:15:18.0831483-03:00" queuing="2012-04-19T07:15:18.5101728-03:00" start="2012-04-19T07:15:18.5781767-03:00" finish="2012-04-19T07:15:38.0912927-03:00" />
  <ResultSummary outcome="Error">
    <Counters total="25" executed="25" passed="25" error="0" failed="0" timeout="0" aborted="0" inconclusive="0" passedButRunAborted="0" notRunnable="0" notExecuted="0" disconnected="0" warning="0" completed="0" inProgress="0" pending="0" />
    <RunInfos>
      <RunInfo computerName="ANDRE-PC" outcome="Error" timestamp="2012-04-19T07:15:38.0492903-03:00">
        <Text>Class Cleanup method AnamnesesControllerTests.ClassCleanup failed. Error Message: System.Data.SqlClient.SqlException: The database 'CerebelloTEST' does not exist. Supply a valid database name. To see available databases, use sys.databases. . Stack Trace:     at System.Data.SqlClient.SqlConnection.OnError(SqlException exception, Boolean breakConnection)
   at System.Data.SqlClient.SqlInternalConnection.OnError(SqlException exception, Boolean breakConnection)
   at System.Data.SqlClient.TdsParser.ThrowExceptionAndWarning()
   at System.Data.SqlClient.TdsParser.Run(RunBehavior runBehavior, SqlCommand cmdHandler, SqlDataReader dataStream, BulkCopySimpleResultSet bulkCopyHandler, TdsParserStateObject stateObj)
   at System.Data.SqlClient.SqlCommand.RunExecuteNonQueryTds(String methodName, Boolean async)
   at System.Data.SqlClient.SqlCommand.InternalExecuteNonQuery(DbAsyncResult result, String methodName, Boolean sendToPipe)
   at System.Data.SqlClient.SqlCommand.ExecuteNonQuery()
   at CerebelloWebRole.Tests.DatabaseHelper.DetachCerebelloTestDatabase() in D:\Projetos\Azure\Cerebello\CerebelloWebRole.Tests\DatabaseHelper.cs:line 86
   at CerebelloWebRole.Tests.AnamnesesControllerTests.ClassCleanup() in D:\Projetos\Azure\Cerebello\CerebelloWebRole.Tests\Tests\AnamnesesControllerTests.cs:line 31
</Text>
      </RunInfo>
      <RunInfo computerName="ANDRE-PC" outcome="Error" timestamp="2012-04-19T07:15:38.0562907-03:00">
        <Text>Class Cleanup method ModelMedicalCertificateControllerTests.ClassCleanup failed. Error Message: System.Data.SqlClient.SqlException: The database 'CerebelloTEST' does not exist. Supply a valid database name. To see available databases, use sys.databases. . Stack Trace:     at System.Data.SqlClient.SqlConnection.OnError(SqlException exception, Boolean breakConnection)
   at System.Data.SqlClient.SqlInternalConnection.OnError(SqlException exception, Boolean breakConnection)
   at System.Data.SqlClient.TdsParser.ThrowExceptionAndWarning()
   at System.Data.SqlClient.TdsParser.Run(RunBehavior runBehavior, SqlCommand cmdHandler, SqlDataReader dataStream, BulkCopySimpleResultSet bulkCopyHandler, TdsParserStateObject stateObj)
   at System.Data.SqlClient.SqlCommand.RunExecuteNonQueryTds(String methodName, Boolean async)
   at System.Data.SqlClient.SqlCommand.InternalExecuteNonQuery(DbAsyncResult result, String methodName, Boolean sendToPipe)
   at System.Data.SqlClient.SqlCommand.ExecuteNonQuery()
   at CerebelloWebRole.Tests.DatabaseHelper.DetachCerebelloTestDatabase() in D:\Projetos\Azure\Cerebello\CerebelloWebRole.Tests\DatabaseHelper.cs:line 86
   at CerebelloWebRole.Tests.ModelMedicalCertificateControllerTests.ClassCleanup() in D:\Projetos\Azure\Cerebello\CerebelloWebRole.Tests\Tests\ModelMedicalCertificateControllerTests.cs:line 39
</Text>
      </RunInfo>
    </RunInfos>
  </ResultSummary>
  <TestDefinitions>
    <UnitTest name="MedicalCertificateFieldsEditor_1_NoModelIdSupplied" storage="d:\projetos\azure\cerebello\cerebellowebrole.tests\bin\debug\cerebellowebrole.tests.dll" id="fea95c11-5dc6-2196-ba8b-a7f730f98465">
      <Execution id="ca516c85-01d2-41a7-832c-7e3b088517d4" />
      <TestMethod codeBase="D:/Projetos/Azure/Cerebello/CerebelloWebRole.Tests/bin/Debug/CerebelloWebRole.Tests.DLL" adapterTypeName="Microsoft.VisualStudio.TestTools.TestTypes.Unit.UnitTestAdapter, Microsoft.VisualStudio.QualityTools.Tips.UnitTest.Adapter, Version=10.0.0.0, Culture=neutral, PublicKeyToken=b03f5f7f11d50a3a" className="CerebelloWebRole.Tests.MedicalCertificatesControllerTests, CerebelloWebRole.Tests, Version=1.0.0.0, Culture=neutral, PublicKeyToken=null" name="MedicalCertificateFieldsEditor_1_NoModelIdSupplied" />
    </UnitTest>
    <UnitTest name="Edit_1_CannotSaveWithInvalidModelId" storage="d:\projetos\azure\cerebello\cerebellowebrole.tests\bin\debug\cerebellowebrole.tests.dll" id="ebf3e47b-d14a-7c74-dc98-2b6cbaf08fbd">
      <Execution id="53e77f97-09f1-4f65-bb82-f8740a967a37" />
      <TestMethod codeBase="D:/Projetos/Azure/Cerebello/CerebelloWebRole.Tests/bin/Debug/CerebelloWebRole.Tests.DLL" adapterTypeName="Microsoft.VisualStudio.TestTools.TestTypes.Unit.UnitTestAdapter, Microsoft.VisualStudio.QualityTools.Tips.UnitTest.Adapter, Version=10.0.0.0, Culture=neutral, PublicKeyToken=b03f5f7f11d50a3a" className="CerebelloWebRole.Tests.MedicalCertificatesControllerTests, CerebelloWebRole.Tests, Version=1.0.0.0, Culture=neutral, PublicKeyToken=null" name="Edit_1_CannotSaveWithInvalidModelId" />
    </UnitTest>
    <UnitTest name="Edit_New_HappyPath" storage="d:\projetos\azure\cerebello\cerebellowebrole.tests\bin\debug\cerebellowebrole.tests.dll" id="3ade3956-00aa-d0a4-1abf-f65910587805">
      <Execution id="cab45cc7-5b56-49b9-9abb-e9ef3b140274" />
      <TestMethod codeBase="D:/Projetos/Azure/Cerebello/CerebelloWebRole.Tests/bin/Debug/CerebelloWebRole.Tests.DLL" adapterTypeName="Microsoft.VisualStudio.TestTools.TestTypes.Unit.UnitTestAdapter, Microsoft.VisualStudio.QualityTools.Tips.UnitTest.Adapter, Version=10.0.0.0, Culture=neutral, PublicKeyToken=b03f5f7f11d50a3a" className="CerebelloWebRole.Tests.ModelMedicalCertificateControllerTests, CerebelloWebRole.Tests, Version=1.0.0.0, Culture=neutral, PublicKeyToken=null" name="Edit_New_HappyPath" />
    </UnitTest>
    <UnitTest name="Edit_4_AllFieldsInTheTextMustBeDeclaredWithTheExceptionOfPatient" storage="d:\projetos\azure\cerebello\cerebellowebrole.tests\bin\debug\cerebellowebrole.tests.dll" id="a9c2d8ef-8ba3-864f-6ea6-4ddc26091c80">
      <Execution id="1ddb0afd-45db-49c2-8ccf-4c0f74210dc3" />
      <TestMethod codeBase="D:/Projetos/Azure/Cerebello/CerebelloWebRole.Tests/bin/Debug/CerebelloWebRole.Tests.DLL" adapterTypeName="Microsoft.VisualStudio.TestTools.TestTypes.Unit.UnitTestAdapter, Microsoft.VisualStudio.QualityTools.Tips.UnitTest.Adapter, Version=10.0.0.0, Culture=neutral, PublicKeyToken=b03f5f7f11d50a3a" className="CerebelloWebRole.Tests.ModelMedicalCertificateControllerTests, CerebelloWebRole.Tests, Version=1.0.0.0, Culture=neutral, PublicKeyToken=null" name="Edit_4_AllFieldsInTheTextMustBeDeclaredWithTheExceptionOfPatient" />
    </UnitTest>
    <UnitTest name="Edit_5_CanSaveAllFieldsWhenModelDoesNotExist" storage="d:\projetos\azure\cerebello\cerebellowebrole.tests\bin\debug\cerebellowebrole.tests.dll" id="8ad46afa-eca0-79c4-56f7-49478b8f2eb0">
      <Execution id="4efea5e6-6bea-4b14-9667-4074b872d314" />
      <TestMethod codeBase="D:/Projetos/Azure/Cerebello/CerebelloWebRole.Tests/bin/Debug/CerebelloWebRole.Tests.DLL" adapterTypeName="Microsoft.VisualStudio.TestTools.TestTypes.Unit.UnitTestAdapter, Microsoft.VisualStudio.QualityTools.Tips.UnitTest.Adapter, Version=10.0.0.0, Culture=neutral, PublicKeyToken=b03f5f7f11d50a3a" className="CerebelloWebRole.Tests.MedicalCertificatesControllerTests, CerebelloWebRole.Tests, Version=1.0.0.0, Culture=neutral, PublicKeyToken=null" name="Edit_5_CanSaveAllFieldsWhenModelDoesNotExist" />
    </UnitTest>
    <UnitTest name="MedicalCertificateFieldsEditor_4_BothParametersAreSuppliedAndTheyDontMatch" storage="d:\projetos\azure\cerebello\cerebellowebrole.tests\bin\debug\cerebellowebrole.tests.dll" id="ce3dcb20-c584-ad56-4a12-452ec79c0f18">
      <Execution id="15f590b5-ccb2-4209-a124-0833bbe78e8d" />
      <TestMethod codeBase="D:/Projetos/Azure/Cerebello/CerebelloWebRole.Tests/bin/Debug/CerebelloWebRole.Tests.DLL" adapterTypeName="Microsoft.VisualStudio.TestTools.TestTypes.Unit.UnitTestAdapter, Microsoft.VisualStudio.QualityTools.Tips.UnitTest.Adapter, Version=10.0.0.0, Culture=neutral, PublicKeyToken=b03f5f7f11d50a3a" className="CerebelloWebRole.Tests.MedicalCertificatesControllerTests, CerebelloWebRole.Tests, Version=1.0.0.0, Culture=neutral, PublicKeyToken=null" name="MedicalCertificateFieldsEditor_4_BothParametersAreSuppliedAndTheyDontMatch" />
    </UnitTest>
    <UnitTest name="Edit_5_CanProperlyCreateModelWithNoFields" storage="d:\projetos\azure\cerebello\cerebellowebrole.tests\bin\debug\cerebellowebrole.tests.dll" id="da6ff516-a175-cf7e-1426-3150ac2dd6f1">
      <Execution id="3b61b17b-84b2-49ad-9725-97080814e440" />
      <TestMethod codeBase="D:/Projetos/Azure/Cerebello/CerebelloWebRole.Tests/bin/Debug/CerebelloWebRole.Tests.DLL" adapterTypeName="Microsoft.VisualStudio.TestTools.TestTypes.Unit.UnitTestAdapter, Microsoft.VisualStudio.QualityTools.Tips.UnitTest.Adapter, Version=10.0.0.0, Culture=neutral, PublicKeyToken=b03f5f7f11d50a3a" className="CerebelloWebRole.Tests.ModelMedicalCertificateControllerTests, CerebelloWebRole.Tests, Version=1.0.0.0, Culture=neutral, PublicKeyToken=null" name="Edit_5_CanProperlyCreateModelWithNoFields" />
    </UnitTest>
    <UnitTest name="Delete_HappyPath" storage="d:\projetos\azure\cerebello\cerebellowebrole.tests\bin\debug\cerebellowebrole.tests.dll" id="726a5bb4-9b7c-e7ec-a2fe-831bc4b50f36">
      <Execution id="2dd4c967-1b9a-4593-a67a-902d4be1d00e" />
      <TestMethod codeBase="D:/Projetos/Azure/Cerebello/CerebelloWebRole.Tests/bin/Debug/CerebelloWebRole.Tests.DLL" adapterTypeName="Microsoft.VisualStudio.TestTools.TestTypes.Unit.UnitTestAdapter, Microsoft.VisualStudio.QualityTools.Tips.UnitTest.Adapter, Version=10.0.0.0, Culture=neutral, PublicKeyToken=b03f5f7f11d50a3a" className="CerebelloWebRole.Tests.ModelMedicalCertificateControllerTests, CerebelloWebRole.Tests, Version=1.0.0.0, Culture=neutral, PublicKeyToken=null" name="Delete_HappyPath" />
    </UnitTest>
    <UnitTest name="Edit_1_CannotAddFieldWithNotAllowedCharacters" storage="d:\projetos\azure\cerebello\cerebellowebrole.tests\bin\debug\cerebellowebrole.tests.dll" id="f7dc56dc-f7ad-b300-031a-f461b1d69216">
      <Execution id="21e93660-30a1-4fc9-97d1-419650a4675d" />
      <TestMethod codeBase="D:/Projetos/Azure/Cerebello/CerebelloWebRole.Tests/bin/Debug/CerebelloWebRole.Tests.DLL" adapterTypeName="Microsoft.VisualStudio.TestTools.TestTypes.Unit.UnitTestAdapter, Microsoft.VisualStudio.QualityTools.Tips.UnitTest.Adapter, Version=10.0.0.0, Culture=neutral, PublicKeyToken=b03f5f7f11d50a3a" className="CerebelloWebRole.Tests.ModelMedicalCertificateControllerTests, CerebelloWebRole.Tests, Version=1.0.0.0, Culture=neutral, PublicKeyToken=null" name="Edit_1_CannotAddFieldWithNotAllowedCharacters" />
    </UnitTest>
    <UnitTest name="Delete_2_ShouldReturnProperResultWhenNotExisting" storage="d:\projetos\azure\cerebello\cerebellowebrole.tests\bin\debug\cerebellowebrole.tests.dll" id="22c0653d-06de-02b2-ff5a-5a058eaff4b2">
      <Execution id="4871e782-531a-41a7-b444-cf5bb3ab3e0c" />
      <TestMethod codeBase="D:/Projetos/Azure/Cerebello/CerebelloWebRole.Tests/bin/Debug/CerebelloWebRole.Tests.DLL" adapterTypeName="Microsoft.VisualStudio.TestTools.TestTypes.Unit.UnitTestAdapter, Microsoft.VisualStudio.QualityTools.Tips.UnitTest.Adapter, Version=10.0.0.0, Culture=neutral, PublicKeyToken=b03f5f7f11d50a3a" className="CerebelloWebRole.Tests.AnamnesesControllerTests, CerebelloWebRole.Tests, Version=1.0.0.0, Culture=neutral, PublicKeyToken=null" name="Delete_2_ShouldReturnProperResultWhenNotExisting" />
    </UnitTest>
    <UnitTest name="Edit_HappyPath" storage="d:\projetos\azure\cerebello\cerebellowebrole.tests\bin\debug\cerebellowebrole.tests.dll" id="2991ac51-0559-0a18-e396-d1c6f83abee5">
      <Execution id="ce371c63-42b2-47a5-abb6-0ddf40b7fd6d" />
      <TestMethod codeBase="D:/Projetos/Azure/Cerebello/CerebelloWebRole.Tests/bin/Debug/CerebelloWebRole.Tests.DLL" adapterTypeName="Microsoft.VisualStudio.TestTools.TestTypes.Unit.UnitTestAdapter, Microsoft.VisualStudio.QualityTools.Tips.UnitTest.Adapter, Version=10.0.0.0, Culture=neutral, PublicKeyToken=b03f5f7f11d50a3a" className="CerebelloWebRole.Tests.MedicalCertificatesControllerTests, CerebelloWebRole.Tests, Version=1.0.0.0, Culture=neutral, PublicKeyToken=null" name="Edit_HappyPath" />
    </UnitTest>
    <UnitTest name="Edit_Existing_HappyPath" storage="d:\projetos\azure\cerebello\cerebellowebrole.tests\bin\debug\cerebellowebrole.tests.dll" id="d6022e27-9611-eb2e-ec54-245d47e99307">
      <Execution id="5c96a6b0-9daa-4187-99ae-ea574ce1716b" />
      <TestMethod codeBase="D:/Projetos/Azure/Cerebello/CerebelloWebRole.Tests/bin/Debug/CerebelloWebRole.Tests.DLL" adapterTypeName="Microsoft.VisualStudio.TestTools.TestTypes.Unit.UnitTestAdapter, Microsoft.VisualStudio.QualityTools.Tips.UnitTest.Adapter, Version=10.0.0.0, Culture=neutral, PublicKeyToken=b03f5f7f11d50a3a" className="CerebelloWebRole.Tests.ModelMedicalCertificateControllerTests, CerebelloWebRole.Tests, Version=1.0.0.0, Culture=neutral, PublicKeyToken=null" name="Edit_Existing_HappyPath" />
    </UnitTest>
    <UnitTest name="Edit_2_CannotSaveWithInvalidPatient" storage="d:\projetos\azure\cerebello\cerebellowebrole.tests\bin\debug\cerebellowebrole.tests.dll" id="c646ae78-61a8-6b7f-04dd-4875a2e65d3a">
      <Execution id="ef169f87-c533-46fd-bc6f-98ecf935b390" />
      <TestMethod codeBase="D:/Projetos/Azure/Cerebello/CerebelloWebRole.Tests/bin/Debug/CerebelloWebRole.Tests.DLL" adapterTypeName="Microsoft.VisualStudio.TestTools.TestTypes.Unit.UnitTestAdapter, Microsoft.VisualStudio.QualityTools.Tips.UnitTest.Adapter, Version=10.0.0.0, Culture=neutral, PublicKeyToken=b03f5f7f11d50a3a" className="CerebelloWebRole.Tests.MedicalCertificatesControllerTests, CerebelloWebRole.Tests, Version=1.0.0.0, Culture=neutral, PublicKeyToken=null" name="Edit_2_CannotSaveWithInvalidPatient" />
    </UnitTest>
    <UnitTest name="Delete_HappyPath" storage="d:\projetos\azure\cerebello\cerebellowebrole.tests\bin\debug\cerebellowebrole.tests.dll" id="2d97d549-56fe-0637-6441-464f76f05c69">
      <Execution id="bce0e768-34f4-4f50-b0d7-196a235c5811" />
      <TestMethod codeBase="D:/Projetos/Azure/Cerebello/CerebelloWebRole.Tests/bin/Debug/CerebelloWebRole.Tests.DLL" adapterTypeName="Microsoft.VisualStudio.TestTools.TestTypes.Unit.UnitTestAdapter, Microsoft.VisualStudio.QualityTools.Tips.UnitTest.Adapter, Version=10.0.0.0, Culture=neutral, PublicKeyToken=b03f5f7f11d50a3a" className="CerebelloWebRole.Tests.MedicalCertificatesControllerTests, CerebelloWebRole.Tests, Version=1.0.0.0, Culture=neutral, PublicKeyToken=null" name="Delete_HappyPath" />
    </UnitTest>
    <UnitTest name="MedicalCertificateFieldsEditor_2_ModelIdIsSuppliedAndCertficateIdIsNot" storage="d:\projetos\azure\cerebello\cerebellowebrole.tests\bin\debug\cerebellowebrole.tests.dll" id="364781d2-e08f-b3cb-3cb7-d60896298aaf">
      <Execution id="8807221a-d9e4-41ec-9fdd-ee951a62ccae" />
      <TestMethod codeBase="D:/Projetos/Azure/Cerebello/CerebelloWebRole.Tests/bin/Debug/CerebelloWebRole.Tests.DLL" adapterTypeName="Microsoft.VisualStudio.TestTools.TestTypes.Unit.UnitTestAdapter, Microsoft.VisualStudio.QualityTools.Tips.UnitTest.Adapter, Version=10.0.0.0, Culture=neutral, PublicKeyToken=b03f5f7f11d50a3a" className="CerebelloWebRole.Tests.MedicalCertificatesControllerTests, CerebelloWebRole.Tests, Version=1.0.0.0, Culture=neutral, PublicKeyToken=null" name="MedicalCertificateFieldsEditor_2_ModelIdIsSuppliedAndCertficateIdIsNot" />
    </UnitTest>
    <UnitTest name="Edit_4_AllFieldsInTheTextMustBeDeclared" storage="d:\projetos\azure\cerebello\cerebellowebrole.tests\bin\debug\cerebellowebrole.tests.dll" id="f7a445b4-027e-bd35-529e-6c76d0124a9f">
      <Execution id="383ac5e4-d42d-4f50-b281-1b3d9274f58e" />
      <TestMethod codeBase="D:/Projetos/Azure/Cerebello/CerebelloWebRole.Tests/bin/Debug/CerebelloWebRole.Tests.DLL" adapterTypeName="Microsoft.VisualStudio.TestTools.TestTypes.Unit.UnitTestAdapter, Microsoft.VisualStudio.QualityTools.Tips.UnitTest.Adapter, Version=10.0.0.0, Culture=neutral, PublicKeyToken=b03f5f7f11d50a3a" className="CerebelloWebRole.Tests.ModelMedicalCertificateControllerTests, CerebelloWebRole.Tests, Version=1.0.0.0, Culture=neutral, PublicKeyToken=null" name="Edit_4_AllFieldsInTheTextMustBeDeclared" />
    </UnitTest>
    <UnitTest name="Edit_3_CannotSaveWithInvalidModelIdAndId" storage="d:\projetos\azure\cerebello\cerebellowebrole.tests\bin\debug\cerebellowebrole.tests.dll" id="be5c3fd0-b537-a2f6-1213-29c231a57f6f">
      <Execution id="9c7323ed-af1e-4ec6-921a-1da79c9e65fc" />
      <TestMethod codeBase="D:/Projetos/Azure/Cerebello/CerebelloWebRole.Tests/bin/Debug/CerebelloWebRole.Tests.DLL" adapterTypeName="Microsoft.VisualStudio.TestTools.TestTypes.Unit.UnitTestAdapter, Microsoft.VisualStudio.QualityTools.Tips.UnitTest.Adapter, Version=10.0.0.0, Culture=neutral, PublicKeyToken=b03f5f7f11d50a3a" className="CerebelloWebRole.Tests.MedicalCertificatesControllerTests, CerebelloWebRole.Tests, Version=1.0.0.0, Culture=neutral, PublicKeyToken=null" name="Edit_3_CannotSaveWithInvalidModelIdAndId" />
    </UnitTest>
    <UnitTest name="Delete_1_HappyPath" storage="d:\projetos\azure\cerebello\cerebellowebrole.tests\bin\debug\cerebellowebrole.tests.dll" id="c2ec3d3f-37b6-59b7-2b75-e5c4d9997483">
      <Execution id="6d528e8e-cb34-423a-9eea-6524e00dda85" />
      <TestMethod codeBase="D:/Projetos/Azure/Cerebello/CerebelloWebRole.Tests/bin/Debug/CerebelloWebRole.Tests.DLL" adapterTypeName="Microsoft.VisualStudio.TestTools.TestTypes.Unit.UnitTestAdapter, Microsoft.VisualStudio.QualityTools.Tips.UnitTest.Adapter, Version=10.0.0.0, Culture=neutral, PublicKeyToken=b03f5f7f11d50a3a" className="CerebelloWebRole.Tests.AnamnesesControllerTests, CerebelloWebRole.Tests, Version=1.0.0.0, Culture=neutral, PublicKeyToken=null" name="Delete_1_HappyPath" />
    </UnitTest>
    <UnitTest name="Edit_1_CreateIfItDoesntExist" storage="d:\projetos\azure\cerebello\cerebellowebrole.tests\bin\debug\cerebellowebrole.tests.dll" id="b17a794d-9843-f1d9-6c87-beeeb8c3629e">
      <Execution id="bcd9a218-8d31-4251-bd80-fe081d8d44e3" />
      <TestMethod codeBase="D:/Projetos/Azure/Cerebello/CerebelloWebRole.Tests/bin/Debug/CerebelloWebRole.Tests.DLL" adapterTypeName="Microsoft.VisualStudio.TestTools.TestTypes.Unit.UnitTestAdapter, Microsoft.VisualStudio.QualityTools.Tips.UnitTest.Adapter, Version=10.0.0.0, Culture=neutral, PublicKeyToken=b03f5f7f11d50a3a" className="CerebelloWebRole.Tests.AnamnesesControllerTests, CerebelloWebRole.Tests, Version=1.0.0.0, Culture=neutral, PublicKeyToken=null" name="Edit_1_CreateIfItDoesntExist" />
    </UnitTest>
    <UnitTest name="GetCertificateText_HappyPath" storage="d:\projetos\azure\cerebello\cerebellowebrole.tests\bin\debug\cerebellowebrole.tests.dll" id="6b210cc2-df8e-72e7-9de4-ed61a7d5644e">
      <Execution id="f0e42c0f-67fc-4d83-92d1-f7133ed881aa" />
      <TestMethod codeBase="D:/Projetos/Azure/Cerebello/CerebelloWebRole.Tests/bin/Debug/CerebelloWebRole.Tests.DLL" adapterTypeName="Microsoft.VisualStudio.TestTools.TestTypes.Unit.UnitTestAdapter, Microsoft.VisualStudio.QualityTools.Tips.UnitTest.Adapter, Version=10.0.0.0, Culture=neutral, PublicKeyToken=b03f5f7f11d50a3a" className="CerebelloWebRole.Tests.MedicalCertificatesControllerTests, CerebelloWebRole.Tests, Version=1.0.0.0, Culture=neutral, PublicKeyToken=null" name="GetCertificateText_HappyPath" />
    </UnitTest>
    <UnitTest name="Edit_3_AllDeclaredFieldsMustBeReferenced" storage="d:\projetos\azure\cerebello\cerebellowebrole.tests\bin\debug\cerebellowebrole.tests.dll" id="4b41cbeb-89e7-e429-8520-393b7037c042">
      <Execution id="4c4b8397-e6f9-414b-86fb-705bdfefc87c" />
      <TestMethod codeBase="D:/Projetos/Azure/Cerebello/CerebelloWebRole.Tests/bin/Debug/CerebelloWebRole.Tests.DLL" adapterTypeName="Microsoft.VisualStudio.TestTools.TestTypes.Unit.UnitTestAdapter, Microsoft.VisualStudio.QualityTools.Tips.UnitTest.Adapter, Version=10.0.0.0, Culture=neutral, PublicKeyToken=b03f5f7f11d50a3a" className="CerebelloWebRole.Tests.ModelMedicalCertificateControllerTests, CerebelloWebRole.Tests, Version=1.0.0.0, Culture=neutral, PublicKeyToken=null" name="Edit_3_AllDeclaredFieldsMustBeReferenced" />
    </UnitTest>
    <UnitTest name="Edit_2_CannotUseMalformedPlaceHolders" storage="d:\projetos\azure\cerebello\cerebellowebrole.tests\bin\debug\cerebellowebrole.tests.dll" id="247b13e5-656a-2369-c034-0cbe7e55f868">
      <Execution id="0aaa2a23-aaee-4a51-84c1-9a4edb2efc0a" />
      <TestMethod codeBase="D:/Projetos/Azure/Cerebello/CerebelloWebRole.Tests/bin/Debug/CerebelloWebRole.Tests.DLL" adapterTypeName="Microsoft.VisualStudio.TestTools.TestTypes.Unit.UnitTestAdapter, Microsoft.VisualStudio.QualityTools.Tips.UnitTest.Adapter, Version=10.0.0.0, Culture=neutral, PublicKeyToken=b03f5f7f11d50a3a" className="CerebelloWebRole.Tests.ModelMedicalCertificateControllerTests, CerebelloWebRole.Tests, Version=1.0.0.0, Culture=neutral, PublicKeyToken=null" name="Edit_2_CannotUseMalformedPlaceHolders" />
    </UnitTest>
    <UnitTest name="MedicalCertificateFieldsEditor_3_BothParametersAreSuppliedButTheyDontMatch" storage="d:\projetos\azure\cerebello\cerebellowebrole.tests\bin\debug\cerebellowebrole.tests.dll" id="9bed0a64-eea8-ade1-56db-cbd8ee2bf6ae">
      <Execution id="cff0884f-a96b-46bd-a136-f480219e3864" />
      <TestMethod codeBase="D:/Projetos/Azure/Cerebello/CerebelloWebRole.Tests/bin/Debug/CerebelloWebRole.Tests.DLL" adapterTypeName="Microsoft.VisualStudio.TestTools.TestTypes.Unit.UnitTestAdapter, Microsoft.VisualStudio.QualityTools.Tips.UnitTest.Adapter, Version=10.0.0.0, Culture=neutral, PublicKeyToken=b03f5f7f11d50a3a" className="CerebelloWebRole.Tests.MedicalCertificatesControllerTests, CerebelloWebRole.Tests, Version=1.0.0.0, Culture=neutral, PublicKeyToken=null" name="MedicalCertificateFieldsEditor_3_BothParametersAreSuppliedButTheyDontMatch" />
    </UnitTest>
    <UnitTest name="Edit_4_CannotSaveACertificateWithInvalidFields" storage="d:\projetos\azure\cerebello\cerebellowebrole.tests\bin\debug\cerebellowebrole.tests.dll" id="2226a31a-b073-3995-dc8a-d66d152dfc43">
      <Execution id="4fd662cd-37af-4b6a-af3a-b77451fef726" />
      <TestMethod codeBase="D:/Projetos/Azure/Cerebello/CerebelloWebRole.Tests/bin/Debug/CerebelloWebRole.Tests.DLL" adapterTypeName="Microsoft.VisualStudio.TestTools.TestTypes.Unit.UnitTestAdapter, Microsoft.VisualStudio.QualityTools.Tips.UnitTest.Adapter, Version=10.0.0.0, Culture=neutral, PublicKeyToken=b03f5f7f11d50a3a" className="CerebelloWebRole.Tests.MedicalCertificatesControllerTests, CerebelloWebRole.Tests, Version=1.0.0.0, Culture=neutral, PublicKeyToken=null" name="Edit_4_CannotSaveACertificateWithInvalidFields" />
    </UnitTest>
    <UnitTest name="Edit_2_SymptomsThatExistMustBeReferenced" storage="d:\projetos\azure\cerebello\cerebellowebrole.tests\bin\debug\cerebellowebrole.tests.dll" id="d1e32f09-1346-5fe3-495a-5fffef038602">
      <Execution id="a2d9ae3b-2079-44dc-9502-bb090cec2fc1" />
      <TestMethod codeBase="D:/Projetos/Azure/Cerebello/CerebelloWebRole.Tests/bin/Debug/CerebelloWebRole.Tests.DLL" adapterTypeName="Microsoft.VisualStudio.TestTools.TestTypes.Unit.UnitTestAdapter, Microsoft.VisualStudio.QualityTools.Tips.UnitTest.Adapter, Version=10.0.0.0, Culture=neutral, PublicKeyToken=b03f5f7f11d50a3a" className="CerebelloWebRole.Tests.AnamnesesControllerTests, CerebelloWebRole.Tests, Version=1.0.0.0, Culture=neutral, PublicKeyToken=null" name="Edit_2_SymptomsThatExistMustBeReferenced" />
    </UnitTest>
  </TestDefinitions>
  <TestLists>
    <TestList name="Results Not in a List" id="8c84fa94-04c1-424b-9868-57a2d4851a1d" />
    <TestList name="All Loaded Results" id="19431567-8539-422a-85d7-44ee4e166bda" />
  </TestLists>
  <TestEntries>
    <TestEntry testId="2226a31a-b073-3995-dc8a-d66d152dfc43" executionId="4fd662cd-37af-4b6a-af3a-b77451fef726" testListId="8c84fa94-04c1-424b-9868-57a2d4851a1d" />
    <TestEntry testId="22c0653d-06de-02b2-ff5a-5a058eaff4b2" executionId="4871e782-531a-41a7-b444-cf5bb3ab3e0c" testListId="8c84fa94-04c1-424b-9868-57a2d4851a1d" />
    <TestEntry testId="247b13e5-656a-2369-c034-0cbe7e55f868" executionId="0aaa2a23-aaee-4a51-84c1-9a4edb2efc0a" testListId="8c84fa94-04c1-424b-9868-57a2d4851a1d" />
    <TestEntry testId="2991ac51-0559-0a18-e396-d1c6f83abee5" executionId="ce371c63-42b2-47a5-abb6-0ddf40b7fd6d" testListId="8c84fa94-04c1-424b-9868-57a2d4851a1d" />
    <TestEntry testId="2d97d549-56fe-0637-6441-464f76f05c69" executionId="bce0e768-34f4-4f50-b0d7-196a235c5811" testListId="8c84fa94-04c1-424b-9868-57a2d4851a1d" />
    <TestEntry testId="364781d2-e08f-b3cb-3cb7-d60896298aaf" executionId="8807221a-d9e4-41ec-9fdd-ee951a62ccae" testListId="8c84fa94-04c1-424b-9868-57a2d4851a1d" />
    <TestEntry testId="3ade3956-00aa-d0a4-1abf-f65910587805" executionId="cab45cc7-5b56-49b9-9abb-e9ef3b140274" testListId="8c84fa94-04c1-424b-9868-57a2d4851a1d" />
    <TestEntry testId="4b41cbeb-89e7-e429-8520-393b7037c042" executionId="4c4b8397-e6f9-414b-86fb-705bdfefc87c" testListId="8c84fa94-04c1-424b-9868-57a2d4851a1d" />
    <TestEntry testId="6b210cc2-df8e-72e7-9de4-ed61a7d5644e" executionId="f0e42c0f-67fc-4d83-92d1-f7133ed881aa" testListId="8c84fa94-04c1-424b-9868-57a2d4851a1d" />
    <TestEntry testId="726a5bb4-9b7c-e7ec-a2fe-831bc4b50f36" executionId="2dd4c967-1b9a-4593-a67a-902d4be1d00e" testListId="8c84fa94-04c1-424b-9868-57a2d4851a1d" />
    <TestEntry testId="8ad46afa-eca0-79c4-56f7-49478b8f2eb0" executionId="4efea5e6-6bea-4b14-9667-4074b872d314" testListId="8c84fa94-04c1-424b-9868-57a2d4851a1d" />
    <TestEntry testId="9bed0a64-eea8-ade1-56db-cbd8ee2bf6ae" executionId="cff0884f-a96b-46bd-a136-f480219e3864" testListId="8c84fa94-04c1-424b-9868-57a2d4851a1d" />
    <TestEntry testId="a9c2d8ef-8ba3-864f-6ea6-4ddc26091c80" executionId="1ddb0afd-45db-49c2-8ccf-4c0f74210dc3" testListId="8c84fa94-04c1-424b-9868-57a2d4851a1d" />
    <TestEntry testId="b17a794d-9843-f1d9-6c87-beeeb8c3629e" executionId="bcd9a218-8d31-4251-bd80-fe081d8d44e3" testListId="8c84fa94-04c1-424b-9868-57a2d4851a1d" />
    <TestEntry testId="be5c3fd0-b537-a2f6-1213-29c231a57f6f" executionId="9c7323ed-af1e-4ec6-921a-1da79c9e65fc" testListId="8c84fa94-04c1-424b-9868-57a2d4851a1d" />
    <TestEntry testId="c2ec3d3f-37b6-59b7-2b75-e5c4d9997483" executionId="6d528e8e-cb34-423a-9eea-6524e00dda85" testListId="8c84fa94-04c1-424b-9868-57a2d4851a1d" />
    <TestEntry testId="c646ae78-61a8-6b7f-04dd-4875a2e65d3a" executionId="ef169f87-c533-46fd-bc6f-98ecf935b390" testListId="8c84fa94-04c1-424b-9868-57a2d4851a1d" />
    <TestEntry testId="ce3dcb20-c584-ad56-4a12-452ec79c0f18" executionId="15f590b5-ccb2-4209-a124-0833bbe78e8d" testListId="8c84fa94-04c1-424b-9868-57a2d4851a1d" />
    <TestEntry testId="d1e32f09-1346-5fe3-495a-5fffef038602" executionId="a2d9ae3b-2079-44dc-9502-bb090cec2fc1" testListId="8c84fa94-04c1-424b-9868-57a2d4851a1d" />
    <TestEntry testId="d6022e27-9611-eb2e-ec54-245d47e99307" executionId="5c96a6b0-9daa-4187-99ae-ea574ce1716b" testListId="8c84fa94-04c1-424b-9868-57a2d4851a1d" />
    <TestEntry testId="da6ff516-a175-cf7e-1426-3150ac2dd6f1" executionId="3b61b17b-84b2-49ad-9725-97080814e440" testListId="8c84fa94-04c1-424b-9868-57a2d4851a1d" />
    <TestEntry testId="ebf3e47b-d14a-7c74-dc98-2b6cbaf08fbd" executionId="53e77f97-09f1-4f65-bb82-f8740a967a37" testListId="8c84fa94-04c1-424b-9868-57a2d4851a1d" />
    <TestEntry testId="f7a445b4-027e-bd35-529e-6c76d0124a9f" executionId="383ac5e4-d42d-4f50-b281-1b3d9274f58e" testListId="8c84fa94-04c1-424b-9868-57a2d4851a1d" />
    <TestEntry testId="f7dc56dc-f7ad-b300-031a-f461b1d69216" executionId="21e93660-30a1-4fc9-97d1-419650a4675d" testListId="8c84fa94-04c1-424b-9868-57a2d4851a1d" />
    <TestEntry testId="fea95c11-5dc6-2196-ba8b-a7f730f98465" executionId="ca516c85-01d2-41a7-832c-7e3b088517d4" testListId="8c84fa94-04c1-424b-9868-57a2d4851a1d" />
  </TestEntries>
  <Results>
    <UnitTestResult executionId="4fd662cd-37af-4b6a-af3a-b77451fef726" testId="2226a31a-b073-3995-dc8a-d66d152dfc43" testName="Edit_4_CannotSaveACertificateWithInvalidFields" computerName="ANDRE-PC" duration="00:00:02.3462963" startTime="2012-04-19T07:15:18.6101785-03:00" endTime="2012-04-19T07:15:21.3933377-03:00" testType="13cdc9d9-ddb5-4fa4-a97d-d965ccfc6d4b" outcome="Passed" testListId="8c84fa94-04c1-424b-9868-57a2d4851a1d" relativeResultsDirectory="4fd662cd-37af-4b6a-af3a-b77451fef726">
    </UnitTestResult>
    <UnitTestResult executionId="4871e782-531a-41a7-b444-cf5bb3ab3e0c" testId="22c0653d-06de-02b2-ff5a-5a058eaff4b2" testName="Delete_2_ShouldReturnProperResultWhenNotExisting" computerName="ANDRE-PC" duration="00:00:00.4842704" startTime="2012-04-19T07:15:21.3953378-03:00" endTime="2012-04-19T07:15:21.8923662-03:00" testType="13cdc9d9-ddb5-4fa4-a97d-d965ccfc6d4b" outcome="Passed" testListId="8c84fa94-04c1-424b-9868-57a2d4851a1d" relativeResultsDirectory="4871e782-531a-41a7-b444-cf5bb3ab3e0c">
    </UnitTestResult>
    <UnitTestResult executionId="0aaa2a23-aaee-4a51-84c1-9a4edb2efc0a" testId="247b13e5-656a-2369-c034-0cbe7e55f868" testName="Edit_2_CannotUseMalformedPlaceHolders" computerName="ANDRE-PC" duration="00:00:00.4883801" startTime="2012-04-19T07:15:21.8933663-03:00" endTime="2012-04-19T07:15:22.3943949-03:00" testType="13cdc9d9-ddb5-4fa4-a97d-d965ccfc6d4b" outcome="Passed" testListId="8c84fa94-04c1-424b-9868-57a2d4851a1d" relativeResultsDirectory="0aaa2a23-aaee-4a51-84c1-9a4edb2efc0a">
    </UnitTestResult>
    <UnitTestResult executionId="ce371c63-42b2-47a5-abb6-0ddf40b7fd6d" testId="2991ac51-0559-0a18-e396-d1c6f83abee5" testName="Edit_HappyPath" computerName="ANDRE-PC" duration="00:00:00.8385394" startTime="2012-04-19T07:15:22.3973951-03:00" endTime="2012-04-19T07:15:23.2434435-03:00" testType="13cdc9d9-ddb5-4fa4-a97d-d965ccfc6d4b" outcome="Passed" testListId="8c84fa94-04c1-424b-9868-57a2d4851a1d" relativeResultsDirectory="ce371c63-42b2-47a5-abb6-0ddf40b7fd6d">
    </UnitTestResult>
    <UnitTestResult executionId="bce0e768-34f4-4f50-b0d7-196a235c5811" testId="2d97d549-56fe-0637-6441-464f76f05c69" testName="Delete_HappyPath" computerName="ANDRE-PC" duration="00:00:00.8582709" startTime="2012-04-19T07:15:23.2584444-03:00" endTime="2012-04-19T07:15:24.1274941-03:00" testType="13cdc9d9-ddb5-4fa4-a97d-d965ccfc6d4b" outcome="Passed" testListId="8c84fa94-04c1-424b-9868-57a2d4851a1d" relativeResultsDirectory="bce0e768-34f4-4f50-b0d7-196a235c5811">
    </UnitTestResult>
    <UnitTestResult executionId="8807221a-d9e4-41ec-9fdd-ee951a62ccae" testId="364781d2-e08f-b3cb-3cb7-d60896298aaf" testName="MedicalCertificateFieldsEditor_2_ModelIdIsSuppliedAndCertficateIdIsNot" computerName="ANDRE-PC" duration="00:00:00.7094441" startTime="2012-04-19T07:15:24.1434950-03:00" endTime="2012-04-19T07:15:24.8605360-03:00" testType="13cdc9d9-ddb5-4fa4-a97d-d965ccfc6d4b" outcome="Passed" testListId="8c84fa94-04c1-424b-9868-57a2d4851a1d" relativeResultsDirectory="8807221a-d9e4-41ec-9fdd-ee951a62ccae">
    </UnitTestResult>
    <UnitTestResult executionId="cab45cc7-5b56-49b9-9abb-e9ef3b140274" testId="3ade3956-00aa-d0a4-1abf-f65910587805" testName="Edit_New_HappyPath" computerName="ANDRE-PC" duration="00:00:00.5516036" startTime="2012-04-19T07:15:24.8635362-03:00" endTime="2012-04-19T07:15:25.4225681-03:00" testType="13cdc9d9-ddb5-4fa4-a97d-d965ccfc6d4b" outcome="Passed" testListId="8c84fa94-04c1-424b-9868-57a2d4851a1d" relativeResultsDirectory="cab45cc7-5b56-49b9-9abb-e9ef3b140274">
    </UnitTestResult>
    <UnitTestResult executionId="4c4b8397-e6f9-414b-86fb-705bdfefc87c" testId="4b41cbeb-89e7-e429-8520-393b7037c042" testName="Edit_3_AllDeclaredFieldsMustBeReferenced" computerName="ANDRE-PC" duration="00:00:00.6972658" startTime="2012-04-19T07:15:25.4245682-03:00" endTime="2012-04-19T07:15:26.1296086-03:00" testType="13cdc9d9-ddb5-4fa4-a97d-d965ccfc6d4b" outcome="Passed" testListId="8c84fa94-04c1-424b-9868-57a2d4851a1d" relativeResultsDirectory="4c4b8397-e6f9-414b-86fb-705bdfefc87c">
    </UnitTestResult>
    <UnitTestResult executionId="f0e42c0f-67fc-4d83-92d1-f7133ed881aa" testId="6b210cc2-df8e-72e7-9de4-ed61a7d5644e" testName="GetCertificateText_HappyPath" computerName="ANDRE-PC" duration="00:00:00.6358249" startTime="2012-04-19T07:15:26.1336088-03:00" endTime="2012-04-19T07:15:26.7766456-03:00" testType="13cdc9d9-ddb5-4fa4-a97d-d965ccfc6d4b" outcome="Passed" testListId="8c84fa94-04c1-424b-9868-57a2d4851a1d" relativeResultsDirectory="f0e42c0f-67fc-4d83-92d1-f7133ed881aa">
    </UnitTestResult>
    <UnitTestResult executionId="2dd4c967-1b9a-4593-a67a-902d4be1d00e" testId="726a5bb4-9b7c-e7ec-a2fe-831bc4b50f36" testName="Delete_HappyPath" computerName="ANDRE-PC" duration="00:00:00.7652806" startTime="2012-04-19T07:15:26.7806458-03:00" endTime="2012-04-19T07:15:27.5536900-03:00" testType="13cdc9d9-ddb5-4fa4-a97d-d965ccfc6d4b" outcome="Passed" testListId="8c84fa94-04c1-424b-9868-57a2d4851a1d" relativeResultsDirectory="2dd4c967-1b9a-4593-a67a-902d4be1d00e">
    </UnitTestResult>
    <UnitTestResult executionId="4efea5e6-6bea-4b14-9667-4074b872d314" testId="8ad46afa-eca0-79c4-56f7-49478b8f2eb0" testName="Edit_5_CanSaveAllFieldsWhenModelDoesNotExist" computerName="ANDRE-PC" duration="00:00:00.7975015" startTime="2012-04-19T07:15:27.5576903-03:00" endTime="2012-04-19T07:15:28.3627363-03:00" testType="13cdc9d9-ddb5-4fa4-a97d-d965ccfc6d4b" outcome="Passed" testListId="8c84fa94-04c1-424b-9868-57a2d4851a1d" relativeResultsDirectory="4efea5e6-6bea-4b14-9667-4074b872d314">
    </UnitTestResult>
    <UnitTestResult executionId="cff0884f-a96b-46bd-a136-f480219e3864" testId="9bed0a64-eea8-ade1-56db-cbd8ee2bf6ae" testName="MedicalCertificateFieldsEditor_3_BothParametersAreSuppliedButTheyDontMatch" computerName="ANDRE-PC" duration="00:00:00.8956181" startTime="2012-04-19T07:15:28.3667365-03:00" endTime="2012-04-19T07:15:29.2687881-03:00" testType="13cdc9d9-ddb5-4fa4-a97d-d965ccfc6d4b" outcome="Passed" testListId="8c84fa94-04c1-424b-9868-57a2d4851a1d" relativeResultsDirectory="cff0884f-a96b-46bd-a136-f480219e3864">
    </UnitTestResult>
    <UnitTestResult executionId="1ddb0afd-45db-49c2-8ccf-4c0f74210dc3" testId="a9c2d8ef-8ba3-864f-6ea6-4ddc26091c80" testName="Edit_4_AllFieldsInTheTextMustBeDeclaredWithTheExceptionOfPatient" computerName="ANDRE-PC" duration="00:00:00.5839272" startTime="2012-04-19T07:15:29.2727884-03:00" endTime="2012-04-19T07:15:29.8638222-03:00" testType="13cdc9d9-ddb5-4fa4-a97d-d965ccfc6d4b" outcome="Passed" testListId="8c84fa94-04c1-424b-9868-57a2d4851a1d" relativeResultsDirectory="1ddb0afd-45db-49c2-8ccf-4c0f74210dc3">
    </UnitTestResult>
    <UnitTestResult executionId="bcd9a218-8d31-4251-bd80-fe081d8d44e3" testId="b17a794d-9843-f1d9-6c87-beeeb8c3629e" testName="Edit_1_CreateIfItDoesntExist" computerName="ANDRE-PC" duration="00:00:00.7035287" startTime="2012-04-19T07:15:29.8678224-03:00" endTime="2012-04-19T07:15:30.5788631-03:00" testType="13cdc9d9-ddb5-4fa4-a97d-d965ccfc6d4b" outcome="Passed" testListId="8c84fa94-04c1-424b-9868-57a2d4851a1d" relativeResultsDirectory="bcd9a218-8d31-4251-bd80-fe081d8d44e3">
    </UnitTestResult>
    <UnitTestResult executionId="9c7323ed-af1e-4ec6-921a-1da79c9e65fc" testId="be5c3fd0-b537-a2f6-1213-29c231a57f6f" testName="Edit_3_CannotSaveWithInvalidModelIdAndId" computerName="ANDRE-PC" duration="00:00:00.7101411" startTime="2012-04-19T07:15:30.5818632-03:00" endTime="2012-04-19T07:15:31.2999043-03:00" testType="13cdc9d9-ddb5-4fa4-a97d-d965ccfc6d4b" outcome="Passed" testListId="8c84fa94-04c1-424b-9868-57a2d4851a1d" relativeResultsDirectory="9c7323ed-af1e-4ec6-921a-1da79c9e65fc">
    </UnitTestResult>
    <UnitTestResult executionId="6d528e8e-cb34-423a-9eea-6524e00dda85" testId="c2ec3d3f-37b6-59b7-2b75-e5c4d9997483" testName="Delete_1_HappyPath" computerName="ANDRE-PC" duration="00:00:00.5614348" startTime="2012-04-19T07:15:31.3039045-03:00" endTime="2012-04-19T07:15:31.8729371-03:00" testType="13cdc9d9-ddb5-4fa4-a97d-d965ccfc6d4b" outcome="Passed" testListId="8c84fa94-04c1-424b-9868-57a2d4851a1d" relativeResultsDirectory="6d528e8e-cb34-423a-9eea-6524e00dda85">
    </UnitTestResult>
    <UnitTestResult executionId="ef169f87-c533-46fd-bc6f-98ecf935b390" testId="c646ae78-61a8-6b7f-04dd-4875a2e65d3a" testName="Edit_2_CannotSaveWithInvalidPatient" computerName="ANDRE-PC" duration="00:00:00.6540372" startTime="2012-04-19T07:15:31.8769373-03:00" endTime="2012-04-19T07:15:32.5389752-03:00" testType="13cdc9d9-ddb5-4fa4-a97d-d965ccfc6d4b" outcome="Passed" testListId="8c84fa94-04c1-424b-9868-57a2d4851a1d" relativeResultsDirectory="ef169f87-c533-46fd-bc6f-98ecf935b390">
    </UnitTestResult>
    <UnitTestResult executionId="15f590b5-ccb2-4209-a124-0833bbe78e8d" testId="ce3dcb20-c584-ad56-4a12-452ec79c0f18" testName="MedicalCertificateFieldsEditor_4_BothParametersAreSuppliedAndTheyDontMatch" computerName="ANDRE-PC" duration="00:00:00.8334318" startTime="2012-04-19T07:15:32.5559761-03:00" endTime="2012-04-19T07:15:33.3980243-03:00" testType="13cdc9d9-ddb5-4fa4-a97d-d965ccfc6d4b" outcome="Passed" testListId="8c84fa94-04c1-424b-9868-57a2d4851a1d" relativeResultsDirectory="15f590b5-ccb2-4209-a124-0833bbe78e8d">
    </UnitTestResult>
    <UnitTestResult executionId="a2d9ae3b-2079-44dc-9502-bb090cec2fc1" testId="d1e32f09-1346-5fe3-495a-5fffef038602" testName="Edit_2_SymptomsThatExistMustBeReferenced" computerName="ANDRE-PC" duration="00:00:00.7067317" startTime="2012-04-19T07:15:33.4030246-03:00" endTime="2012-04-19T07:15:34.1170654-03:00" testType="13cdc9d9-ddb5-4fa4-a97d-d965ccfc6d4b" outcome="Passed" testListId="8c84fa94-04c1-424b-9868-57a2d4851a1d" relativeResultsDirectory="a2d9ae3b-2079-44dc-9502-bb090cec2fc1">
    </UnitTestResult>
    <UnitTestResult executionId="5c96a6b0-9daa-4187-99ae-ea574ce1716b" testId="d6022e27-9611-eb2e-ec54-245d47e99307" testName="Edit_Existing_HappyPath" computerName="ANDRE-PC" duration="00:00:00.5660523" startTime="2012-04-19T07:15:34.1180655-03:00" endTime="2012-04-19T07:15:34.6940984-03:00" testType="13cdc9d9-ddb5-4fa4-a97d-d965ccfc6d4b" outcome="Passed" testListId="8c84fa94-04c1-424b-9868-57a2d4851a1d" relativeResultsDirectory="5c96a6b0-9daa-4187-99ae-ea574ce1716b">
    </UnitTestResult>
    <UnitTestResult executionId="3b61b17b-84b2-49ad-9725-97080814e440" testId="da6ff516-a175-cf7e-1426-3150ac2dd6f1" testName="Edit_5_CanProperlyCreateModelWithNoFields" computerName="ANDRE-PC" duration="00:00:00.6496923" startTime="2012-04-19T07:15:34.6980987-03:00" endTime="2012-04-19T07:15:35.3551362-03:00" testType="13cdc9d9-ddb5-4fa4-a97d-d965ccfc6d4b" outcome="Passed" testListId="8c84fa94-04c1-424b-9868-57a2d4851a1d" relativeResultsDirectory="3b61b17b-84b2-49ad-9725-97080814e440">
    </UnitTestResult>
    <UnitTestResult executionId="53e77f97-09f1-4f65-bb82-f8740a967a37" testId="ebf3e47b-d14a-7c74-dc98-2b6cbaf08fbd" testName="Edit_1_CannotSaveWithInvalidModelId" computerName="ANDRE-PC" duration="00:00:00.6959362" startTime="2012-04-19T07:15:35.3571364-03:00" endTime="2012-04-19T07:15:36.0621767-03:00" testType="13cdc9d9-ddb5-4fa4-a97d-d965ccfc6d4b" outcome="Passed" testListId="8c84fa94-04c1-424b-9868-57a2d4851a1d" relativeResultsDirectory="53e77f97-09f1-4f65-bb82-f8740a967a37">
    </UnitTestResult>
    <UnitTestResult executionId="383ac5e4-d42d-4f50-b281-1b3d9274f58e" testId="f7a445b4-027e-bd35-529e-6c76d0124a9f" testName="Edit_4_AllFieldsInTheTextMustBeDeclared" computerName="ANDRE-PC" duration="00:00:00.5820308" startTime="2012-04-19T07:15:36.0661769-03:00" endTime="2012-04-19T07:15:36.6552106-03:00" testType="13cdc9d9-ddb5-4fa4-a97d-d965ccfc6d4b" outcome="Passed" testListId="8c84fa94-04c1-424b-9868-57a2d4851a1d" relativeResultsDirectory="383ac5e4-d42d-4f50-b281-1b3d9274f58e">
    </UnitTestResult>
    <UnitTestResult executionId="21e93660-30a1-4fc9-97d1-419650a4675d" testId="f7dc56dc-f7ad-b300-031a-f461b1d69216" testName="Edit_1_CannotAddFieldWithNotAllowedCharacters" computerName="ANDRE-PC" duration="00:00:00.4763928" startTime="2012-04-19T07:15:36.6612109-03:00" endTime="2012-04-19T07:15:37.1442386-03:00" testType="13cdc9d9-ddb5-4fa4-a97d-d965ccfc6d4b" outcome="Passed" testListId="8c84fa94-04c1-424b-9868-57a2d4851a1d" relativeResultsDirectory="21e93660-30a1-4fc9-97d1-419650a4675d">
    </UnitTestResult>
    <UnitTestResult executionId="ca516c85-01d2-41a7-832c-7e3b088517d4" testId="fea95c11-5dc6-2196-ba8b-a7f730f98465" testName="MedicalCertificateFieldsEditor_1_NoModelIdSupplied" computerName="ANDRE-PC" duration="00:00:00.6895537" startTime="2012-04-19T07:15:37.1452386-03:00" endTime="2012-04-19T07:15:37.8442786-03:00" testType="13cdc9d9-ddb5-4fa4-a97d-d965ccfc6d4b" outcome="Passed" testListId="8c84fa94-04c1-424b-9868-57a2d4851a1d" relativeResultsDirectory="ca516c85-01d2-41a7-832c-7e3b088517d4">
    </UnitTestResult>
  </Results>
</TestRun>