<?xml version="1.0" encoding="UTF-8"?>
<TestRun id="d15a93e2-090c-4a0d-b0e4-3e90692b8e9d" name="andre@ANDRE-PC 2012-04-15 22:09:38" runUser="andre-PC\andre" xmlns="http://microsoft.com/schemas/VisualStudio/TeamTest/2010">
  <TestSettings name="Local" id="ef9f2aab-2efc-4d6e-a3fa-346b6afda278">
    <Description>These are default test settings for a local test run.</Description>
    <Deployment enabled="false" runDeploymentRoot="andre_ANDRE-PC 2012-04-15 22_09_38">
      <DeploymentItem filename="C:\Program Files (x86)\Microsoft ASP.NET\ASP.NET MVC 3\Assemblies\System.Web.Mvc.dll" />
      <DeploymentItem filename="D:\Projetos\Azure\Cerebello\ThirdParty\Bin\Moq.4.0.10827\Moq.dll" />
      <DeploymentItem filename="C:\Program Files\Windows Azure SDK\v1.6\ref\Microsoft.WindowsAzure.Diagnostics.dll" />
      <DeploymentItem filename="D:\Projetos\ThirdParty\Bin\HtmlAgilityPack\HtmlAgilityPack.dll" />
      <DeploymentItem filename="C:\Program Files (x86)\Microsoft ASP.NET\ASP.NET Web Pages\v1.0\Assemblies\System.Web.WebPages.Deployment.dll" />
      <DeploymentItem filename="D:\Projetos\Azure\Cerebello\Cerebello.Model\bin\Debug\Cerebello.Model.dll" />
      <DeploymentItem filename="C:\Program Files (x86)\Microsoft ASP.NET\ASP.NET Web Pages\v1.0\Assemblies\System.Web.Helpers.dll" />
      <DeploymentItem filename="C:\Program Files (x86)\Microsoft ASP.NET\ASP.NET Web Pages\v1.0\Assemblies\System.Web.WebPages.dll" />
      <DeploymentItem filename="C:\Program Files\Windows Azure SDK\v1.6\ref\Microsoft.WindowsAzure.StorageClient.dll" />
      <DeploymentItem filename="D:\Projetos\ThirdParty\Bin\CipherLite\CipherLite.dll" />
      <DeploymentItem filename="D:\Projetos\ThirdParty\Bin\iTextShap\itextsharp-dll-core-5.1.3\itextsharp.dll" />
      <DeploymentItem filename="C:\Program Files (x86)\Microsoft ASP.NET\ASP.NET Web Pages\v1.0\Assemblies\Microsoft.Web.Infrastructure.dll" />
      <DeploymentItem filename="D:\Projetos\Azure\Cerebello\packages\System.Web.Providers.1.0.1\lib\Net40\System.Web.Providers.dll" />
      <DeploymentItem filename="C:\Program Files (x86)\Microsoft ASP.NET\ASP.NET Web Pages\v1.0\Assemblies\System.Web.Razor.dll" />
      <DeploymentItem filename="D:\Projetos\ThirdParty\Bin\iTextShap\itextsharp-dll-xtra-5.1.3\itextsharp.xtra.dll" />
      <DeploymentItem filename="D:\Projetos\Azure\Cerebello\CerebelloWebRole\bin\CerebelloWebRole.dll" />
      <DeploymentItem filename="D:\Projetos\Azure\Cerebello\Cerebello.Firestarter\bin\Debug\Cerebello.Firestarter.exe" />
      <DeploymentItem filename="C:\Program Files (x86)\Microsoft ASP.NET\ASP.NET Web Pages\v1.0\Assemblies\System.Web.WebPages.Razor.dll" />
      <DeploymentItem filename="D:\Projetos\Library\CommonLib\bin\Debug\CommonLib.dll" />
    </Deployment>
    <Execution>
      <TestTypeSpecific />
      <AgentRule name="Execution Agents">
      </AgentRule>
    </Execution>
  </TestSettings>
  <Times creation="2012-04-15T22:09:38.8791844-03:00" queuing="2012-04-15T22:09:39.5881965-03:00" start="2012-04-15T22:09:39.6792017-03:00" finish="2012-04-15T22:11:03.8280739-03:00" />
  <ResultSummary outcome="Error">
    <Counters total="19" executed="19" passed="19" error="0" failed="0" timeout="0" aborted="0" inconclusive="0" passedButRunAborted="0" notRunnable="0" notExecuted="0" disconnected="0" warning="0" completed="0" inProgress="0" pending="0" />
    <RunInfos>
      <RunInfo computerName="ANDRE-PC" outcome="Error" timestamp="2012-04-15T22:10:22.1217575-03:00">
        <Text>Class Cleanup method MedicalCertificatesControllerTests.ClassCleanup failed. Error Message: System.Data.SqlClient.SqlException: Cannot detach the database 'CerebelloTEST' because it is currently in use.. Stack Trace:     at System.Data.SqlClient.SqlConnection.OnError(SqlException exception, Boolean breakConnection)
   at System.Data.SqlClient.SqlInternalConnection.OnError(SqlException exception, Boolean breakConnection)
   at System.Data.SqlClient.TdsParser.ThrowExceptionAndWarning()
   at System.Data.SqlClient.TdsParser.Run(RunBehavior runBehavior, SqlCommand cmdHandler, SqlDataReader dataStream, BulkCopySimpleResultSet bulkCopyHandler, TdsParserStateObject stateObj)
   at System.Data.SqlClient.SqlCommand.RunExecuteNonQueryTds(String methodName, Boolean async)
   at System.Data.SqlClient.SqlCommand.InternalExecuteNonQuery(DbAsyncResult result, String methodName, Boolean sendToPipe)
   at System.Data.SqlClient.SqlCommand.ExecuteNonQuery()
   at CerebelloWebRole.Tests.DatabaseHelper.DetachCerebelloTestDatabase() in D:\Projetos\Azure\Cerebello\CerebelloWebRole.Tests\DatabaseHelper.cs:line 86
   at CerebelloWebRole.Tests.MedicalCertificatesControllerTests.ClassCleanup() in D:\Projetos\Azure\Cerebello\CerebelloWebRole.Tests\Tests\MedicalCertificatesControllerTests.cs:line 32
</Text>
      </RunInfo>
      <RunInfo computerName="ANDRE-PC" outcome="Error" timestamp="2012-04-15T22:10:42.1650067-03:00">
        <Text>Class Cleanup method ModelMedicalCertificateControllerTests.ClassCleanup failed. Error Message: System.Data.SqlClient.SqlException: Cannot detach the database 'CerebelloTEST' because it is currently in use.. Stack Trace:     at System.Data.SqlClient.SqlConnection.OnError(SqlException exception, Boolean breakConnection)
   at System.Data.SqlClient.SqlInternalConnection.OnError(SqlException exception, Boolean breakConnection)
   at System.Data.SqlClient.TdsParser.ThrowExceptionAndWarning()
   at System.Data.SqlClient.TdsParser.Run(RunBehavior runBehavior, SqlCommand cmdHandler, SqlDataReader dataStream, BulkCopySimpleResultSet bulkCopyHandler, TdsParserStateObject stateObj)
   at System.Data.SqlClient.SqlCommand.RunExecuteNonQueryTds(String methodName, Boolean async)
   at System.Data.SqlClient.SqlCommand.InternalExecuteNonQuery(DbAsyncResult result, String methodName, Boolean sendToPipe)
   at System.Data.SqlClient.SqlCommand.ExecuteNonQuery()
   at CerebelloWebRole.Tests.DatabaseHelper.DetachCerebelloTestDatabase() in D:\Projetos\Azure\Cerebello\CerebelloWebRole.Tests\DatabaseHelper.cs:line 86
   at CerebelloWebRole.Tests.ModelMedicalCertificateControllerTests.ClassCleanup() in D:\Projetos\Azure\Cerebello\CerebelloWebRole.Tests\Tests\ModelMedicalCertificateControllerTests.cs:line 39
</Text>
      </RunInfo>
      <RunInfo computerName="ANDRE-PC" outcome="Error" timestamp="2012-04-15T22:11:02.1744710-03:00">
        <Text>Class Cleanup method AnamnesesControllerTests.ClassCleanup failed. Error Message: System.Data.SqlClient.SqlException: Cannot detach the database 'CerebelloTEST' because it is currently in use.. Stack Trace:     at System.Data.SqlClient.SqlConnection.OnError(SqlException exception, Boolean breakConnection)
   at System.Data.SqlClient.SqlInternalConnection.OnError(SqlException exception, Boolean breakConnection)
   at System.Data.SqlClient.TdsParser.ThrowExceptionAndWarning()
   at System.Data.SqlClient.TdsParser.Run(RunBehavior runBehavior, SqlCommand cmdHandler, SqlDataReader dataStream, BulkCopySimpleResultSet bulkCopyHandler, TdsParserStateObject stateObj)
   at System.Data.SqlClient.SqlCommand.RunExecuteNonQueryTds(String methodName, Boolean async)
   at System.Data.SqlClient.SqlCommand.InternalExecuteNonQuery(DbAsyncResult result, String methodName, Boolean sendToPipe)
   at System.Data.SqlClient.SqlCommand.ExecuteNonQuery()
   at CerebelloWebRole.Tests.DatabaseHelper.DetachCerebelloTestDatabase() in D:\Projetos\Azure\Cerebello\CerebelloWebRole.Tests\DatabaseHelper.cs:line 86
   at CerebelloWebRole.Tests.AnamnesesControllerTests.ClassCleanup() in D:\Projetos\Azure\Cerebello\CerebelloWebRole.Tests\Tests\AnamnesesControllerTests.cs:line 30
</Text>
      </RunInfo>
    </RunInfos>
  </ResultSummary>
  <TestDefinitions>
    <UnitTest name="Edit_1_CannotSaveWithInvalidModelId" storage="d:\projetos\azure\cerebello\cerebellowebrole.tests\bin\debug\cerebellowebrole.tests.dll" id="ebf3e47b-d14a-7c74-dc98-2b6cbaf08fbd">
      <Execution id="56dc75a3-3514-495d-b5ab-ab245c209e7a" />
      <TestMethod codeBase="D:/Projetos/Azure/Cerebello/CerebelloWebRole.Tests/bin/Debug/CerebelloWebRole.Tests.DLL" adapterTypeName="Microsoft.VisualStudio.TestTools.TestTypes.Unit.UnitTestAdapter, Microsoft.VisualStudio.QualityTools.Tips.UnitTest.Adapter, Version=10.0.0.0, Culture=neutral, PublicKeyToken=b03f5f7f11d50a3a" className="CerebelloWebRole.Tests.MedicalCertificatesControllerTests, CerebelloWebRole.Tests, Version=1.0.0.0, Culture=neutral, PublicKeyToken=null" name="Edit_1_CannotSaveWithInvalidModelId" />
    </UnitTest>
    <UnitTest name="Edit_New_HappyPath" storage="d:\projetos\azure\cerebello\cerebellowebrole.tests\bin\debug\cerebellowebrole.tests.dll" id="3ade3956-00aa-d0a4-1abf-f65910587805">
      <Execution id="e898305b-59f0-45f6-9290-22d5083f6fc7" />
      <TestMethod codeBase="D:/Projetos/Azure/Cerebello/CerebelloWebRole.Tests/bin/Debug/CerebelloWebRole.Tests.DLL" adapterTypeName="Microsoft.VisualStudio.TestTools.TestTypes.Unit.UnitTestAdapter, Microsoft.VisualStudio.QualityTools.Tips.UnitTest.Adapter, Version=10.0.0.0, Culture=neutral, PublicKeyToken=b03f5f7f11d50a3a" className="CerebelloWebRole.Tests.ModelMedicalCertificateControllerTests, CerebelloWebRole.Tests, Version=1.0.0.0, Culture=neutral, PublicKeyToken=null" name="Edit_New_HappyPath" />
    </UnitTest>
    <UnitTest name="Edit_4_AllFieldsInTheTextMustBeDeclaredWithTheExceptionOfPatient" storage="d:\projetos\azure\cerebello\cerebellowebrole.tests\bin\debug\cerebellowebrole.tests.dll" id="a9c2d8ef-8ba3-864f-6ea6-4ddc26091c80">
      <Execution id="70b2f15c-e72b-4822-97b3-1544474e7dae" />
      <TestMethod codeBase="D:/Projetos/Azure/Cerebello/CerebelloWebRole.Tests/bin/Debug/CerebelloWebRole.Tests.DLL" adapterTypeName="Microsoft.VisualStudio.TestTools.TestTypes.Unit.UnitTestAdapter, Microsoft.VisualStudio.QualityTools.Tips.UnitTest.Adapter, Version=10.0.0.0, Culture=neutral, PublicKeyToken=b03f5f7f11d50a3a" className="CerebelloWebRole.Tests.ModelMedicalCertificateControllerTests, CerebelloWebRole.Tests, Version=1.0.0.0, Culture=neutral, PublicKeyToken=null" name="Edit_4_AllFieldsInTheTextMustBeDeclaredWithTheExceptionOfPatient" />
    </UnitTest>
    <UnitTest name="Edit_5_CanSaveAllFieldsWhenModelDoesNotExist" storage="d:\projetos\azure\cerebello\cerebellowebrole.tests\bin\debug\cerebellowebrole.tests.dll" id="8ad46afa-eca0-79c4-56f7-49478b8f2eb0">
      <Execution id="8a1454b0-f9e4-4566-9881-4e3cc45d0380" />
      <TestMethod codeBase="D:/Projetos/Azure/Cerebello/CerebelloWebRole.Tests/bin/Debug/CerebelloWebRole.Tests.DLL" adapterTypeName="Microsoft.VisualStudio.TestTools.TestTypes.Unit.UnitTestAdapter, Microsoft.VisualStudio.QualityTools.Tips.UnitTest.Adapter, Version=10.0.0.0, Culture=neutral, PublicKeyToken=b03f5f7f11d50a3a" className="CerebelloWebRole.Tests.MedicalCertificatesControllerTests, CerebelloWebRole.Tests, Version=1.0.0.0, Culture=neutral, PublicKeyToken=null" name="Edit_5_CanSaveAllFieldsWhenModelDoesNotExist" />
    </UnitTest>
    <UnitTest name="Edit_5_CanProperlyCreateModelWithNoFields" storage="d:\projetos\azure\cerebello\cerebellowebrole.tests\bin\debug\cerebellowebrole.tests.dll" id="da6ff516-a175-cf7e-1426-3150ac2dd6f1">
      <Execution id="1866a6c0-b1bb-4a03-868c-afb7a0c1d45b" />
      <TestMethod codeBase="D:/Projetos/Azure/Cerebello/CerebelloWebRole.Tests/bin/Debug/CerebelloWebRole.Tests.DLL" adapterTypeName="Microsoft.VisualStudio.TestTools.TestTypes.Unit.UnitTestAdapter, Microsoft.VisualStudio.QualityTools.Tips.UnitTest.Adapter, Version=10.0.0.0, Culture=neutral, PublicKeyToken=b03f5f7f11d50a3a" className="CerebelloWebRole.Tests.ModelMedicalCertificateControllerTests, CerebelloWebRole.Tests, Version=1.0.0.0, Culture=neutral, PublicKeyToken=null" name="Edit_5_CanProperlyCreateModelWithNoFields" />
    </UnitTest>
    <UnitTest name="Delete_HappyPath" storage="d:\projetos\azure\cerebello\cerebellowebrole.tests\bin\debug\cerebellowebrole.tests.dll" id="726a5bb4-9b7c-e7ec-a2fe-831bc4b50f36">
      <Execution id="ed780b63-9f81-4d33-a3f4-6932c08880e0" />
      <TestMethod codeBase="D:/Projetos/Azure/Cerebello/CerebelloWebRole.Tests/bin/Debug/CerebelloWebRole.Tests.DLL" adapterTypeName="Microsoft.VisualStudio.TestTools.TestTypes.Unit.UnitTestAdapter, Microsoft.VisualStudio.QualityTools.Tips.UnitTest.Adapter, Version=10.0.0.0, Culture=neutral, PublicKeyToken=b03f5f7f11d50a3a" className="CerebelloWebRole.Tests.ModelMedicalCertificateControllerTests, CerebelloWebRole.Tests, Version=1.0.0.0, Culture=neutral, PublicKeyToken=null" name="Delete_HappyPath" />
    </UnitTest>
    <UnitTest name="Edit_1_CannotAddFieldWithNotAllowedCharacters" storage="d:\projetos\azure\cerebello\cerebellowebrole.tests\bin\debug\cerebellowebrole.tests.dll" id="f7dc56dc-f7ad-b300-031a-f461b1d69216">
      <Execution id="be4fe889-7c49-48ff-b6ff-4cea8a1a4213" />
      <TestMethod codeBase="D:/Projetos/Azure/Cerebello/CerebelloWebRole.Tests/bin/Debug/CerebelloWebRole.Tests.DLL" adapterTypeName="Microsoft.VisualStudio.TestTools.TestTypes.Unit.UnitTestAdapter, Microsoft.VisualStudio.QualityTools.Tips.UnitTest.Adapter, Version=10.0.0.0, Culture=neutral, PublicKeyToken=b03f5f7f11d50a3a" className="CerebelloWebRole.Tests.ModelMedicalCertificateControllerTests, CerebelloWebRole.Tests, Version=1.0.0.0, Culture=neutral, PublicKeyToken=null" name="Edit_1_CannotAddFieldWithNotAllowedCharacters" />
    </UnitTest>
    <UnitTest name="Edit_HappyPath" storage="d:\projetos\azure\cerebello\cerebellowebrole.tests\bin\debug\cerebellowebrole.tests.dll" id="2991ac51-0559-0a18-e396-d1c6f83abee5">
      <Execution id="ce3f17f7-41e3-4da6-9128-c08c3fd37d9f" />
      <TestMethod codeBase="D:/Projetos/Azure/Cerebello/CerebelloWebRole.Tests/bin/Debug/CerebelloWebRole.Tests.DLL" adapterTypeName="Microsoft.VisualStudio.TestTools.TestTypes.Unit.UnitTestAdapter, Microsoft.VisualStudio.QualityTools.Tips.UnitTest.Adapter, Version=10.0.0.0, Culture=neutral, PublicKeyToken=b03f5f7f11d50a3a" className="CerebelloWebRole.Tests.MedicalCertificatesControllerTests, CerebelloWebRole.Tests, Version=1.0.0.0, Culture=neutral, PublicKeyToken=null" name="Edit_HappyPath" />
    </UnitTest>
    <UnitTest name="Edit_2_CannotSaveWithInvalidPatient" storage="d:\projetos\azure\cerebello\cerebellowebrole.tests\bin\debug\cerebellowebrole.tests.dll" id="c646ae78-61a8-6b7f-04dd-4875a2e65d3a">
      <Execution id="bf369a83-110c-4cf5-9343-441cde32b374" />
      <TestMethod codeBase="D:/Projetos/Azure/Cerebello/CerebelloWebRole.Tests/bin/Debug/CerebelloWebRole.Tests.DLL" adapterTypeName="Microsoft.VisualStudio.TestTools.TestTypes.Unit.UnitTestAdapter, Microsoft.VisualStudio.QualityTools.Tips.UnitTest.Adapter, Version=10.0.0.0, Culture=neutral, PublicKeyToken=b03f5f7f11d50a3a" className="CerebelloWebRole.Tests.MedicalCertificatesControllerTests, CerebelloWebRole.Tests, Version=1.0.0.0, Culture=neutral, PublicKeyToken=null" name="Edit_2_CannotSaveWithInvalidPatient" />
    </UnitTest>
    <UnitTest name="Delete_HappyPath" storage="d:\projetos\azure\cerebello\cerebellowebrole.tests\bin\debug\cerebellowebrole.tests.dll" id="2d97d549-56fe-0637-6441-464f76f05c69">
      <Execution id="1645723f-566b-4a51-940e-e0c6fab260cc" />
      <TestMethod codeBase="D:/Projetos/Azure/Cerebello/CerebelloWebRole.Tests/bin/Debug/CerebelloWebRole.Tests.DLL" adapterTypeName="Microsoft.VisualStudio.TestTools.TestTypes.Unit.UnitTestAdapter, Microsoft.VisualStudio.QualityTools.Tips.UnitTest.Adapter, Version=10.0.0.0, Culture=neutral, PublicKeyToken=b03f5f7f11d50a3a" className="CerebelloWebRole.Tests.MedicalCertificatesControllerTests, CerebelloWebRole.Tests, Version=1.0.0.0, Culture=neutral, PublicKeyToken=null" name="Delete_HappyPath" />
    </UnitTest>
    <UnitTest name="Edit_4_AllFieldsInTheTextMustBeDeclared" storage="d:\projetos\azure\cerebello\cerebellowebrole.tests\bin\debug\cerebellowebrole.tests.dll" id="f7a445b4-027e-bd35-529e-6c76d0124a9f">
      <Execution id="757ee486-4eb9-4a3f-a03e-696162e7ee68" />
      <TestMethod codeBase="D:/Projetos/Azure/Cerebello/CerebelloWebRole.Tests/bin/Debug/CerebelloWebRole.Tests.DLL" adapterTypeName="Microsoft.VisualStudio.TestTools.TestTypes.Unit.UnitTestAdapter, Microsoft.VisualStudio.QualityTools.Tips.UnitTest.Adapter, Version=10.0.0.0, Culture=neutral, PublicKeyToken=b03f5f7f11d50a3a" className="CerebelloWebRole.Tests.ModelMedicalCertificateControllerTests, CerebelloWebRole.Tests, Version=1.0.0.0, Culture=neutral, PublicKeyToken=null" name="Edit_4_AllFieldsInTheTextMustBeDeclared" />
    </UnitTest>
    <UnitTest name="Edit_3_CannotSaveWithInvalidModelIdAndId" storage="d:\projetos\azure\cerebello\cerebellowebrole.tests\bin\debug\cerebellowebrole.tests.dll" id="be5c3fd0-b537-a2f6-1213-29c231a57f6f">
      <Execution id="c8d3fa29-7a12-409a-aa30-8075000abd89" />
      <TestMethod codeBase="D:/Projetos/Azure/Cerebello/CerebelloWebRole.Tests/bin/Debug/CerebelloWebRole.Tests.DLL" adapterTypeName="Microsoft.VisualStudio.TestTools.TestTypes.Unit.UnitTestAdapter, Microsoft.VisualStudio.QualityTools.Tips.UnitTest.Adapter, Version=10.0.0.0, Culture=neutral, PublicKeyToken=b03f5f7f11d50a3a" className="CerebelloWebRole.Tests.MedicalCertificatesControllerTests, CerebelloWebRole.Tests, Version=1.0.0.0, Culture=neutral, PublicKeyToken=null" name="Edit_3_CannotSaveWithInvalidModelIdAndId" />
    </UnitTest>
    <UnitTest name="Edit_1_CreateIfItDoesntExist" storage="d:\projetos\azure\cerebello\cerebellowebrole.tests\bin\debug\cerebellowebrole.tests.dll" id="b17a794d-9843-f1d9-6c87-beeeb8c3629e">
      <Execution id="e551cc1c-8125-454c-9c93-8aea24fdec37" />
      <TestMethod codeBase="D:/Projetos/Azure/Cerebello/CerebelloWebRole.Tests/bin/Debug/CerebelloWebRole.Tests.DLL" adapterTypeName="Microsoft.VisualStudio.TestTools.TestTypes.Unit.UnitTestAdapter, Microsoft.VisualStudio.QualityTools.Tips.UnitTest.Adapter, Version=10.0.0.0, Culture=neutral, PublicKeyToken=b03f5f7f11d50a3a" className="CerebelloWebRole.Tests.AnamnesesControllerTests, CerebelloWebRole.Tests, Version=1.0.0.0, Culture=neutral, PublicKeyToken=null" name="Edit_1_CreateIfItDoesntExist" />
    </UnitTest>
    <UnitTest name="GetCertificateText_HappyPath" storage="d:\projetos\azure\cerebello\cerebellowebrole.tests\bin\debug\cerebellowebrole.tests.dll" id="6b210cc2-df8e-72e7-9de4-ed61a7d5644e">
      <Execution id="9f9f64f7-58c6-479d-b1c8-242b40655e86" />
      <TestMethod codeBase="D:/Projetos/Azure/Cerebello/CerebelloWebRole.Tests/bin/Debug/CerebelloWebRole.Tests.DLL" adapterTypeName="Microsoft.VisualStudio.TestTools.TestTypes.Unit.UnitTestAdapter, Microsoft.VisualStudio.QualityTools.Tips.UnitTest.Adapter, Version=10.0.0.0, Culture=neutral, PublicKeyToken=b03f5f7f11d50a3a" className="CerebelloWebRole.Tests.MedicalCertificatesControllerTests, CerebelloWebRole.Tests, Version=1.0.0.0, Culture=neutral, PublicKeyToken=null" name="GetCertificateText_HappyPath" />
    </UnitTest>
    <UnitTest name="Edit_3_AllDeclaredFieldsMustBeReferenced" storage="d:\projetos\azure\cerebello\cerebellowebrole.tests\bin\debug\cerebellowebrole.tests.dll" id="4b41cbeb-89e7-e429-8520-393b7037c042">
      <Execution id="2993ea3d-d54c-461c-bdab-81d5a67f9ee2" />
      <TestMethod codeBase="D:/Projetos/Azure/Cerebello/CerebelloWebRole.Tests/bin/Debug/CerebelloWebRole.Tests.DLL" adapterTypeName="Microsoft.VisualStudio.TestTools.TestTypes.Unit.UnitTestAdapter, Microsoft.VisualStudio.QualityTools.Tips.UnitTest.Adapter, Version=10.0.0.0, Culture=neutral, PublicKeyToken=b03f5f7f11d50a3a" className="CerebelloWebRole.Tests.ModelMedicalCertificateControllerTests, CerebelloWebRole.Tests, Version=1.0.0.0, Culture=neutral, PublicKeyToken=null" name="Edit_3_AllDeclaredFieldsMustBeReferenced" />
    </UnitTest>
    <UnitTest name="Edit_2_CannotUseMalformedPlaceHolders" storage="d:\projetos\azure\cerebello\cerebellowebrole.tests\bin\debug\cerebellowebrole.tests.dll" id="247b13e5-656a-2369-c034-0cbe7e55f868">
      <Execution id="2d338183-31d7-4d9b-899f-ef37debbe229" />
      <TestMethod codeBase="D:/Projetos/Azure/Cerebello/CerebelloWebRole.Tests/bin/Debug/CerebelloWebRole.Tests.DLL" adapterTypeName="Microsoft.VisualStudio.TestTools.TestTypes.Unit.UnitTestAdapter, Microsoft.VisualStudio.QualityTools.Tips.UnitTest.Adapter, Version=10.0.0.0, Culture=neutral, PublicKeyToken=b03f5f7f11d50a3a" className="CerebelloWebRole.Tests.ModelMedicalCertificateControllerTests, CerebelloWebRole.Tests, Version=1.0.0.0, Culture=neutral, PublicKeyToken=null" name="Edit_2_CannotUseMalformedPlaceHolders" />
    </UnitTest>
    <UnitTest name="Edit_2_SymptomsThatExistMustBeReferenced" storage="d:\projetos\azure\cerebello\cerebellowebrole.tests\bin\debug\cerebellowebrole.tests.dll" id="d1e32f09-1346-5fe3-495a-5fffef038602">
      <Execution id="fdd1074a-397e-4040-8cc4-3aa5af04ba13" />
      <TestMethod codeBase="D:/Projetos/Azure/Cerebello/CerebelloWebRole.Tests/bin/Debug/CerebelloWebRole.Tests.DLL" adapterTypeName="Microsoft.VisualStudio.TestTools.TestTypes.Unit.UnitTestAdapter, Microsoft.VisualStudio.QualityTools.Tips.UnitTest.Adapter, Version=10.0.0.0, Culture=neutral, PublicKeyToken=b03f5f7f11d50a3a" className="CerebelloWebRole.Tests.AnamnesesControllerTests, CerebelloWebRole.Tests, Version=1.0.0.0, Culture=neutral, PublicKeyToken=null" name="Edit_2_SymptomsThatExistMustBeReferenced" />
    </UnitTest>
    <UnitTest name="Edit_4_CannotSaveACertificateWithInvalidFields" storage="d:\projetos\azure\cerebello\cerebellowebrole.tests\bin\debug\cerebellowebrole.tests.dll" id="2226a31a-b073-3995-dc8a-d66d152dfc43">
      <Execution id="95eea323-b2bc-4e49-8ef1-9f3f6b4bc641" />
      <TestMethod codeBase="D:/Projetos/Azure/Cerebello/CerebelloWebRole.Tests/bin/Debug/CerebelloWebRole.Tests.DLL" adapterTypeName="Microsoft.VisualStudio.TestTools.TestTypes.Unit.UnitTestAdapter, Microsoft.VisualStudio.QualityTools.Tips.UnitTest.Adapter, Version=10.0.0.0, Culture=neutral, PublicKeyToken=b03f5f7f11d50a3a" className="CerebelloWebRole.Tests.MedicalCertificatesControllerTests, CerebelloWebRole.Tests, Version=1.0.0.0, Culture=neutral, PublicKeyToken=null" name="Edit_4_CannotSaveACertificateWithInvalidFields" />
    </UnitTest>
    <UnitTest name="Edit_Existing_HappyPath" storage="d:\projetos\azure\cerebello\cerebellowebrole.tests\bin\debug\cerebellowebrole.tests.dll" id="d6022e27-9611-eb2e-ec54-245d47e99307">
      <Execution id="de2eaa2d-257f-4b07-a163-573ea27f9f0a" />
      <TestMethod codeBase="D:/Projetos/Azure/Cerebello/CerebelloWebRole.Tests/bin/Debug/CerebelloWebRole.Tests.DLL" adapterTypeName="Microsoft.VisualStudio.TestTools.TestTypes.Unit.UnitTestAdapter, Microsoft.VisualStudio.QualityTools.Tips.UnitTest.Adapter, Version=10.0.0.0, Culture=neutral, PublicKeyToken=b03f5f7f11d50a3a" className="CerebelloWebRole.Tests.ModelMedicalCertificateControllerTests, CerebelloWebRole.Tests, Version=1.0.0.0, Culture=neutral, PublicKeyToken=null" name="Edit_Existing_HappyPath" />
    </UnitTest>
  </TestDefinitions>
  <TestLists>
    <TestList name="Results Not in a List" id="8c84fa94-04c1-424b-9868-57a2d4851a1d" />
    <TestList name="All Loaded Results" id="19431567-8539-422a-85d7-44ee4e166bda" />
  </TestLists>
  <TestEntries>
    <TestEntry testId="2226a31a-b073-3995-dc8a-d66d152dfc43" executionId="95eea323-b2bc-4e49-8ef1-9f3f6b4bc641" testListId="8c84fa94-04c1-424b-9868-57a2d4851a1d" />
    <TestEntry testId="247b13e5-656a-2369-c034-0cbe7e55f868" executionId="2d338183-31d7-4d9b-899f-ef37debbe229" testListId="8c84fa94-04c1-424b-9868-57a2d4851a1d" />
    <TestEntry testId="2991ac51-0559-0a18-e396-d1c6f83abee5" executionId="ce3f17f7-41e3-4da6-9128-c08c3fd37d9f" testListId="8c84fa94-04c1-424b-9868-57a2d4851a1d" />
    <TestEntry testId="2d97d549-56fe-0637-6441-464f76f05c69" executionId="1645723f-566b-4a51-940e-e0c6fab260cc" testListId="8c84fa94-04c1-424b-9868-57a2d4851a1d" />
    <TestEntry testId="3ade3956-00aa-d0a4-1abf-f65910587805" executionId="e898305b-59f0-45f6-9290-22d5083f6fc7" testListId="8c84fa94-04c1-424b-9868-57a2d4851a1d" />
    <TestEntry testId="4b41cbeb-89e7-e429-8520-393b7037c042" executionId="2993ea3d-d54c-461c-bdab-81d5a67f9ee2" testListId="8c84fa94-04c1-424b-9868-57a2d4851a1d" />
    <TestEntry testId="6b210cc2-df8e-72e7-9de4-ed61a7d5644e" executionId="9f9f64f7-58c6-479d-b1c8-242b40655e86" testListId="8c84fa94-04c1-424b-9868-57a2d4851a1d" />
    <TestEntry testId="726a5bb4-9b7c-e7ec-a2fe-831bc4b50f36" executionId="ed780b63-9f81-4d33-a3f4-6932c08880e0" testListId="8c84fa94-04c1-424b-9868-57a2d4851a1d" />
    <TestEntry testId="8ad46afa-eca0-79c4-56f7-49478b8f2eb0" executionId="8a1454b0-f9e4-4566-9881-4e3cc45d0380" testListId="8c84fa94-04c1-424b-9868-57a2d4851a1d" />
    <TestEntry testId="a9c2d8ef-8ba3-864f-6ea6-4ddc26091c80" executionId="70b2f15c-e72b-4822-97b3-1544474e7dae" testListId="8c84fa94-04c1-424b-9868-57a2d4851a1d" />
    <TestEntry testId="b17a794d-9843-f1d9-6c87-beeeb8c3629e" executionId="e551cc1c-8125-454c-9c93-8aea24fdec37" testListId="8c84fa94-04c1-424b-9868-57a2d4851a1d" />
    <TestEntry testId="be5c3fd0-b537-a2f6-1213-29c231a57f6f" executionId="c8d3fa29-7a12-409a-aa30-8075000abd89" testListId="8c84fa94-04c1-424b-9868-57a2d4851a1d" />
    <TestEntry testId="c646ae78-61a8-6b7f-04dd-4875a2e65d3a" executionId="bf369a83-110c-4cf5-9343-441cde32b374" testListId="8c84fa94-04c1-424b-9868-57a2d4851a1d" />
    <TestEntry testId="d1e32f09-1346-5fe3-495a-5fffef038602" executionId="fdd1074a-397e-4040-8cc4-3aa5af04ba13" testListId="8c84fa94-04c1-424b-9868-57a2d4851a1d" />
    <TestEntry testId="d6022e27-9611-eb2e-ec54-245d47e99307" executionId="de2eaa2d-257f-4b07-a163-573ea27f9f0a" testListId="8c84fa94-04c1-424b-9868-57a2d4851a1d" />
    <TestEntry testId="da6ff516-a175-cf7e-1426-3150ac2dd6f1" executionId="1866a6c0-b1bb-4a03-868c-afb7a0c1d45b" testListId="8c84fa94-04c1-424b-9868-57a2d4851a1d" />
    <TestEntry testId="ebf3e47b-d14a-7c74-dc98-2b6cbaf08fbd" executionId="56dc75a3-3514-495d-b5ab-ab245c209e7a" testListId="8c84fa94-04c1-424b-9868-57a2d4851a1d" />
    <TestEntry testId="f7a445b4-027e-bd35-529e-6c76d0124a9f" executionId="757ee486-4eb9-4a3f-a03e-696162e7ee68" testListId="8c84fa94-04c1-424b-9868-57a2d4851a1d" />
    <TestEntry testId="f7dc56dc-f7ad-b300-031a-f461b1d69216" executionId="be4fe889-7c49-48ff-b6ff-4cea8a1a4213" testListId="8c84fa94-04c1-424b-9868-57a2d4851a1d" />
  </TestEntries>
  <Results>
    <UnitTestResult executionId="95eea323-b2bc-4e49-8ef1-9f3f6b4bc641" testId="2226a31a-b073-3995-dc8a-d66d152dfc43" testName="Edit_4_CannotSaveACertificateWithInvalidFields" computerName="ANDRE-PC" duration="00:00:03.6282828" startTime="2012-04-15T22:09:39.7012030-03:00" endTime="2012-04-15T22:09:44.0323767-03:00" testType="13cdc9d9-ddb5-4fa4-a97d-d965ccfc6d4b" outcome="Passed" testListId="8c84fa94-04c1-424b-9868-57a2d4851a1d" relativeResultsDirectory="95eea323-b2bc-4e49-8ef1-9f3f6b4bc641">
    </UnitTestResult>
    <UnitTestResult executionId="2d338183-31d7-4d9b-899f-ef37debbe229" testId="247b13e5-656a-2369-c034-0cbe7e55f868" testName="Edit_2_CannotUseMalformedPlaceHolders" computerName="ANDRE-PC" duration="00:00:00.9625908" startTime="2012-04-15T22:09:44.0353768-03:00" endTime="2012-04-15T22:09:45.0394343-03:00" testType="13cdc9d9-ddb5-4fa4-a97d-d965ccfc6d4b" outcome="Passed" testListId="8c84fa94-04c1-424b-9868-57a2d4851a1d" relativeResultsDirectory="2d338183-31d7-4d9b-899f-ef37debbe229">
    </UnitTestResult>
    <UnitTestResult executionId="ce3f17f7-41e3-4da6-9128-c08c3fd37d9f" testId="2991ac51-0559-0a18-e396-d1c6f83abee5" testName="Edit_HappyPath" computerName="ANDRE-PC" duration="00:00:00.6629080" startTime="2012-04-15T22:09:45.0424344-03:00" endTime="2012-04-15T22:09:45.7164730-03:00" testType="13cdc9d9-ddb5-4fa4-a97d-d965ccfc6d4b" outcome="Passed" testListId="8c84fa94-04c1-424b-9868-57a2d4851a1d" relativeResultsDirectory="ce3f17f7-41e3-4da6-9128-c08c3fd37d9f">
    </UnitTestResult>
    <UnitTestResult executionId="1645723f-566b-4a51-940e-e0c6fab260cc" testId="2d97d549-56fe-0637-6441-464f76f05c69" testName="Delete_HappyPath" computerName="ANDRE-PC" duration="00:00:00.9435956" startTime="2012-04-15T22:09:45.7184731-03:00" endTime="2012-04-15T22:09:46.6735277-03:00" testType="13cdc9d9-ddb5-4fa4-a97d-d965ccfc6d4b" outcome="Passed" testListId="8c84fa94-04c1-424b-9868-57a2d4851a1d" relativeResultsDirectory="1645723f-566b-4a51-940e-e0c6fab260cc">
    </UnitTestResult>
    <UnitTestResult executionId="e898305b-59f0-45f6-9290-22d5083f6fc7" testId="3ade3956-00aa-d0a4-1abf-f65910587805" testName="Edit_New_HappyPath" computerName="ANDRE-PC" duration="00:00:00.6815158" startTime="2012-04-15T22:09:46.6755278-03:00" endTime="2012-04-15T22:09:47.3685632-03:00" testType="13cdc9d9-ddb5-4fa4-a97d-d965ccfc6d4b" outcome="Passed" testListId="8c84fa94-04c1-424b-9868-57a2d4851a1d" relativeResultsDirectory="e898305b-59f0-45f6-9290-22d5083f6fc7">
    </UnitTestResult>
    <UnitTestResult executionId="2993ea3d-d54c-461c-bdab-81d5a67f9ee2" testId="4b41cbeb-89e7-e429-8520-393b7037c042" testName="Edit_3_AllDeclaredFieldsMustBeReferenced" computerName="ANDRE-PC" duration="00:00:00.8821672" startTime="2012-04-15T22:09:47.3725634-03:00" endTime="2012-04-15T22:09:48.2626143-03:00" testType="13cdc9d9-ddb5-4fa4-a97d-d965ccfc6d4b" outcome="Passed" testListId="8c84fa94-04c1-424b-9868-57a2d4851a1d" relativeResultsDirectory="2993ea3d-d54c-461c-bdab-81d5a67f9ee2">
    </UnitTestResult>
    <UnitTestResult executionId="9f9f64f7-58c6-479d-b1c8-242b40655e86" testId="6b210cc2-df8e-72e7-9de4-ed61a7d5644e" testName="GetCertificateText_HappyPath" computerName="ANDRE-PC" duration="00:00:00.9512025" startTime="2012-04-15T22:09:48.2646144-03:00" endTime="2012-04-15T22:09:49.2276237-03:00" testType="13cdc9d9-ddb5-4fa4-a97d-d965ccfc6d4b" outcome="Passed" testListId="8c84fa94-04c1-424b-9868-57a2d4851a1d" relativeResultsDirectory="9f9f64f7-58c6-479d-b1c8-242b40655e86">
    </UnitTestResult>
    <UnitTestResult executionId="ed780b63-9f81-4d33-a3f4-6932c08880e0" testId="726a5bb4-9b7c-e7ec-a2fe-831bc4b50f36" testName="Delete_HappyPath" computerName="ANDRE-PC" duration="00:00:00.9288853" startTime="2012-04-15T22:09:49.2276237-03:00" endTime="2012-04-15T22:09:50.1706676-03:00" testType="13cdc9d9-ddb5-4fa4-a97d-d965ccfc6d4b" outcome="Passed" testListId="8c84fa94-04c1-424b-9868-57a2d4851a1d" relativeResultsDirectory="ed780b63-9f81-4d33-a3f4-6932c08880e0">
    </UnitTestResult>
    <UnitTestResult executionId="8a1454b0-f9e4-4566-9881-4e3cc45d0380" testId="8ad46afa-eca0-79c4-56f7-49478b8f2eb0" testName="Edit_5_CanSaveAllFieldsWhenModelDoesNotExist" computerName="ANDRE-PC" duration="00:00:00.7547477" startTime="2012-04-15T22:09:50.1716677-03:00" endTime="2012-04-15T22:09:50.9437024-03:00" testType="13cdc9d9-ddb5-4fa4-a97d-d965ccfc6d4b" outcome="Passed" testListId="8c84fa94-04c1-424b-9868-57a2d4851a1d" relativeResultsDirectory="8a1454b0-f9e4-4566-9881-4e3cc45d0380">
    </UnitTestResult>
    <UnitTestResult executionId="70b2f15c-e72b-4822-97b3-1544474e7dae" testId="a9c2d8ef-8ba3-864f-6ea6-4ddc26091c80" testName="Edit_4_AllFieldsInTheTextMustBeDeclaredWithTheExceptionOfPatient" computerName="ANDRE-PC" duration="00:00:00.9531585" startTime="2012-04-15T22:09:50.9457025-03:00" endTime="2012-04-15T22:09:51.9167580-03:00" testType="13cdc9d9-ddb5-4fa4-a97d-d965ccfc6d4b" outcome="Passed" testListId="8c84fa94-04c1-424b-9868-57a2d4851a1d" relativeResultsDirectory="70b2f15c-e72b-4822-97b3-1544474e7dae">
    </UnitTestResult>
    <UnitTestResult executionId="e551cc1c-8125-454c-9c93-8aea24fdec37" testId="b17a794d-9843-f1d9-6c87-beeeb8c3629e" testName="Edit_1_CreateIfItDoesntExist" computerName="ANDRE-PC" duration="00:00:01.0279259" startTime="2012-04-15T22:09:51.9257585-03:00" endTime="2012-04-15T22:09:52.9687959-03:00" testType="13cdc9d9-ddb5-4fa4-a97d-d965ccfc6d4b" outcome="Passed" testListId="8c84fa94-04c1-424b-9868-57a2d4851a1d" relativeResultsDirectory="e551cc1c-8125-454c-9c93-8aea24fdec37">
    </UnitTestResult>
    <UnitTestResult executionId="c8d3fa29-7a12-409a-aa30-8075000abd89" testId="be5c3fd0-b537-a2f6-1213-29c231a57f6f" testName="Edit_3_CannotSaveWithInvalidModelIdAndId" computerName="ANDRE-PC" duration="00:00:00.8912909" startTime="2012-04-15T22:09:52.9707960-03:00" endTime="2012-04-15T22:09:53.8728476-03:00" testType="13cdc9d9-ddb5-4fa4-a97d-d965ccfc6d4b" outcome="Passed" testListId="8c84fa94-04c1-424b-9868-57a2d4851a1d" relativeResultsDirectory="c8d3fa29-7a12-409a-aa30-8075000abd89">
    </UnitTestResult>
    <UnitTestResult executionId="bf369a83-110c-4cf5-9343-441cde32b374" testId="c646ae78-61a8-6b7f-04dd-4875a2e65d3a" testName="Edit_2_CannotSaveWithInvalidPatient" computerName="ANDRE-PC" duration="00:00:01.2428801" startTime="2012-04-15T22:09:53.8758478-03:00" endTime="2012-04-15T22:09:55.1259181-03:00" testType="13cdc9d9-ddb5-4fa4-a97d-d965ccfc6d4b" outcome="Passed" testListId="8c84fa94-04c1-424b-9868-57a2d4851a1d" relativeResultsDirectory="bf369a83-110c-4cf5-9343-441cde32b374">
    </UnitTestResult>
    <UnitTestResult executionId="fdd1074a-397e-4040-8cc4-3aa5af04ba13" testId="d1e32f09-1346-5fe3-495a-5fffef038602" testName="Edit_2_SymptomsThatExistMustBeReferenced" computerName="ANDRE-PC" duration="00:00:02.7088201" startTime="2012-04-15T22:09:55.1299184-03:00" endTime="2012-04-15T22:09:57.8468366-03:00" testType="13cdc9d9-ddb5-4fa4-a97d-d965ccfc6d4b" outcome="Passed" testListId="8c84fa94-04c1-424b-9868-57a2d4851a1d" relativeResultsDirectory="fdd1074a-397e-4040-8cc4-3aa5af04ba13">
    </UnitTestResult>
    <UnitTestResult executionId="de2eaa2d-257f-4b07-a163-573ea27f9f0a" testId="d6022e27-9611-eb2e-ec54-245d47e99307" testName="Edit_Existing_HappyPath" computerName="ANDRE-PC" duration="00:00:00.7941632" startTime="2012-04-15T22:09:57.8568371-03:00" endTime="2012-04-15T22:09:58.6562535-03:00" testType="13cdc9d9-ddb5-4fa4-a97d-d965ccfc6d4b" outcome="Passed" testListId="8c84fa94-04c1-424b-9868-57a2d4851a1d" relativeResultsDirectory="de2eaa2d-257f-4b07-a163-573ea27f9f0a">
    </UnitTestResult>
    <UnitTestResult executionId="1866a6c0-b1bb-4a03-868c-afb7a0c1d45b" testId="da6ff516-a175-cf7e-1426-3150ac2dd6f1" testName="Edit_5_CanProperlyCreateModelWithNoFields" computerName="ANDRE-PC" duration="00:00:00.7635018" startTime="2012-04-15T22:09:58.6582536-03:00" endTime="2012-04-15T22:09:59.4300692-03:00" testType="13cdc9d9-ddb5-4fa4-a97d-d965ccfc6d4b" outcome="Passed" testListId="8c84fa94-04c1-424b-9868-57a2d4851a1d" relativeResultsDirectory="1866a6c0-b1bb-4a03-868c-afb7a0c1d45b">
    </UnitTestResult>
    <UnitTestResult executionId="56dc75a3-3514-495d-b5ab-ab245c209e7a" testId="ebf3e47b-d14a-7c74-dc98-2b6cbaf08fbd" testName="Edit_1_CannotSaveWithInvalidModelId" computerName="ANDRE-PC" duration="00:00:00.8333185" startTime="2012-04-15T22:09:59.4350695-03:00" endTime="2012-04-15T22:10:00.2696904-03:00" testType="13cdc9d9-ddb5-4fa4-a97d-d965ccfc6d4b" outcome="Passed" testListId="8c84fa94-04c1-424b-9868-57a2d4851a1d" relativeResultsDirectory="56dc75a3-3514-495d-b5ab-ab245c209e7a">
    </UnitTestResult>
    <UnitTestResult executionId="757ee486-4eb9-4a3f-a03e-696162e7ee68" testId="f7a445b4-027e-bd35-529e-6c76d0124a9f" testName="Edit_4_AllFieldsInTheTextMustBeDeclared" computerName="ANDRE-PC" duration="00:00:00.8845278" startTime="2012-04-15T22:10:00.2696904-03:00" endTime="2012-04-15T22:10:01.1588920-03:00" testType="13cdc9d9-ddb5-4fa4-a97d-d965ccfc6d4b" outcome="Passed" testListId="8c84fa94-04c1-424b-9868-57a2d4851a1d" relativeResultsDirectory="757ee486-4eb9-4a3f-a03e-696162e7ee68">
    </UnitTestResult>
    <UnitTestResult executionId="be4fe889-7c49-48ff-b6ff-4cea8a1a4213" testId="f7dc56dc-f7ad-b300-031a-f461b1d69216" testName="Edit_1_CannotAddFieldWithNotAllowedCharacters" computerName="ANDRE-PC" duration="00:00:00.8832986" startTime="2012-04-15T22:10:01.1744920-03:00" endTime="2012-04-15T22:10:02.0636935-03:00" testType="13cdc9d9-ddb5-4fa4-a97d-d965ccfc6d4b" outcome="Passed" testListId="8c84fa94-04c1-424b-9868-57a2d4851a1d" relativeResultsDirectory="be4fe889-7c49-48ff-b6ff-4cea8a1a4213">
    </UnitTestResult>
  </Results>
</TestRun>